#
# A fatal error has been detected by the Java Runtime Environment:
#
#  SIGSEGV (0xb) at pc=0x00000001153db5dd, pid=58278, tid=775
#
# JRE version: Java(TM) SE Runtime Environment (8.0_51-b16) (build 1.8.0_51-b16)
# Java VM: Java HotSpot(TM) 64-Bit Server VM (25.51-b03 mixed mode bsd-amd64 compressed oops)
# Problematic frame:
# C  [libglass.dylib+0x155dd]  GlassScreenDidChangeScreenParameters+0x9d
#
# Failed to write core dump. Core dumps have been disabled. To enable core dumping, try "ulimit -c unlimited" before starting Java again
#
# If you would like to submit a bug report, please visit:
#   http://bugreport.java.com/bugreport/crash.jsp
#

---------------  T H R E A D  ---------------

Current thread is native thread

siginfo: si_signo: 11 (SIGSEGV), si_code: 1 (SEGV_MAPERR), si_addr: 0x0000000000000000

Registers:
RAX=0x000000011540dbc0, RBX=0x0000000000000000, RCX=0x0000000000000103, RDX=0x00007fd85678a618
RSP=0x00007fff58343bf0, RBP=0x00007fff58343c00, RSI=0x00007fd856605a50, RDI=0x0000000000000000
R8 =0x0000000000000040, R9 =0x00007fffce3de040, R10=0xffffffffffffffff, R11=0x0000000000012068
R12=0x0000000000000000, R13=0x00007fd856734930, R14=0x00007fd85663c250, R15=0x0000000000000000
RIP=0x00000001153db5dd, EFLAGS=0x0000000000010206, ERR=0x0000000000000004
  TRAPNO=0x000000000000000e

Top of Stack: (sp=0x00007fff58343bf0)
0x00007fff58343bf0:   00007fd856734880 00007fd85663c250
0x00007fff58343c00:   00007fff58343c10 00007fffaffcb9fc
0x00007fff58343c10:   00007fff58343c80 00007fffaffcb8fb
0x00007fff58343c20:   00000001078da800 00007fffce3d9060
0x00007fff58343c30:   00000000c2000000 00007fffaffcb950
0x00007fff58343c40:   00007fffcad21680 00007fd856734930
0x00007fff58343c50:   00007fd85663c250 00007fff583443f8
0x00007fff58343c60:   00007fff58343d40 00007fffc4cc2b40
0x00007fff58343c70:   00007fd856734930 00007fffae6fe966
0x00007fff58343c80:   00007fff58343cc0 00007fffaffcb662
0x00007fff58343c90:   00007fff58344280 0000000000000000
0x00007fff58343ca0:   00007fff58343d40 00007fffc4cc2b40
0x00007fff58343cb0:   00007fff583443f8 00007fffae6fe966
0x00007fff58343cc0:   00007fff583443b0 00007fffaff89d12
0x00007fff58343cd0:   0000000000000190 01ffffffcad1bb01
0x00007fff58343ce0:   00007fd8564165a0 00007fffcad22cb0
0x00007fff58343cf0:   0000000000000000 00007fd8581ae048
0x00007fff58343d00:   00007fd856416501 00007fd85672ad60
0x00007fff58343d10:   00007fffcae550c0 0000000000000000
0x00007fff58343d20:   00007fd856734970 0000000000000000
0x00007fff58343d30:   0000000000000000 00007fffcad618e0
0x00007fff58343d40:   00007fff58344280 0000000000000001
0x00007fff58343d50:   0000000000000100 00007fffaff84d00
0x00007fff58343d60:   00007fff58344180 0000000000000000
0x00007fff58343d70:   0000000000000100 00007fffcad62e00
0x00007fff58343d80:   00007fd856700130 0000000000000001
0x00007fff58343d90:   00007fff583443e0 00007fffaff848e9
0x00007fff58343da0:   00007fff58343e80 00007fd8567cc400
0x00007fff58343db0:   00007fff58343e50 00007fffaf51844f
0x00007fff58343dc0:   0000000000000320 00007fd85e22d430
0x00007fff58343dd0:   0000000000000190 0000000000000002
0x00007fff58343de0:   00007fff58343e70 00007fffc574b4be 

Instructions: (pc=0x00000001153db5dd)
0x00000001153db5bd:   89 df 4c 89 f1 41 ff 90 68 04 00 00 48 8d 05 f8
0x00000001153db5cd:   24 03 00 48 8b 30 48 8d 05 e6 25 03 00 48 8b 10
0x00000001153db5dd:   48 8b 0b 30 c0 48 89 df ff 91 68 04 00 00 48 8b
0x00000001153db5ed:   03 48 89 df ff 50 78 48 85 c0 74 36 49 89 c6 48 

Register to memory mapping:

RAX=0x000000011540dbc0: jScreenNotifySettingsChanged+0 in /Library/Java/JavaVirtualMachines/jdk1.8.0_51.jdk/Contents/Home/jre/lib/libglass.dylib at 0x00000001153c6000
RBX=0x0000000000000000 is an unknown value
RCX=0x0000000000000103 is an unknown value
RDX=0x00007fd85678a618 is an unknown value
RSP=0x00007fff58343bf0 is an unknown value
RBP=0x00007fff58343c00 is an unknown value
RSI=0x00007fd856605a50 is a global jni handle
RDI=0x0000000000000000 is an unknown value
R8 =0x0000000000000040 is an unknown value
R9 =0x00007fffce3de040: __sFX+0x1c0 in /usr/lib/system/libsystem_c.dylib at 0x00007fffc55e7000
R10=0xffffffffffffffff is an unknown value
R11=0x0000000000012068 is an unknown value
R12=0x0000000000000000 is an unknown value
R13=0x00007fd856734930 is an unknown value
R14=0x00007fd85663c250 is an unknown value
R15=0x0000000000000000 is an unknown value


Stack: [0x00007fff57b47000,0x00007fff58347000],  sp=0x00007fff58343bf0,  free space=8178k
Native frames: (J=compiled Java code, j=interpreted, Vv=VM code, C=native code)
C  [libglass.dylib+0x155dd]  GlassScreenDidChangeScreenParameters+0x9d
C  [CoreFoundation+0x9a9fc]  __CFNOTIFICATIONCENTER_IS_CALLING_OUT_TO_AN_OBSERVER__+0xc
C  [CoreFoundation+0x9a8fb]  _CFXRegistrationPost+0x1ab
C  [CoreFoundation+0x9a662]  ___CFXNotificationPost_block_invoke+0x32
C  [CoreFoundation+0x58d12]  -[_CFXNotificationRegistrar find:object:observer:enumerator:]+0x7e2
C  [CoreFoundation+0x57cfb]  _CFXNotificationPost+0x29b
C  [Foundation+0x6a37]  -[NSNotificationCenter postNotificationName:object:userInfo:]+0x42
C  [AppKit+0x3f1386]  -[NSApplication _reactToScreenInvalidationImmediately:]+0x18f
C  [AppKit+0x3f11c3]  __44-[NSApplication _reactToScreenInvalidation:]_block_invoke+0x3b
C  [CoreFoundation+0xa471c]  __CFRUNLOOP_IS_CALLING_OUT_TO_A_BLOCK__+0xc
C  [CoreFoundation+0x859d4]  __CFRunLoopDoBlocks+0x164
C  [CoreFoundation+0x85516]  __CFRunLoopRun+0x766
C  [CoreFoundation+0x84b54]  CFRunLoopRunSpecific+0x1a4
C  [java+0x6463]  CreateExecutionEnvironment+0x367
C  [java+0x21ac]  JLI_Launch+0x7a0
C  [java+0x84c0]  main+0x65
C  [java+0x1a04]  start+0x34


---------------  P R O C E S S  ---------------

VM state:at safepoint (normal execution)

VM Mutex/Monitor currently owned by a thread:  ([mutex/lock_event])
[0x00007fd856603100] Threads_lock - owner thread: 0x00007fd85702a800
[0x00007fd856603600] Heap_lock - owner thread: 0x00007fd858002000

Heap:
 PSYoungGen      total 76288K, used 41220K [0x000000076ab00000, 0x0000000770000000, 0x00000007c0000000)
  eden space 65536K, 62% used [0x000000076ab00000,0x000000076d3411a8,0x000000076eb00000)
  from space 10752K, 0% used [0x000000076f580000,0x000000076f580000,0x0000000770000000)
  to   space 10752K, 0% used [0x000000076eb00000,0x000000076eb00000,0x000000076f580000)
 ParOldGen       total 175104K, used 0K [0x00000006c0000000, 0x00000006cab00000, 0x000000076ab00000)
  object space 175104K, 0% used [0x00000006c0000000,0x00000006c0000000,0x00000006cab00000)
 Metaspace       used 11330K, capacity 11874K, committed 12032K, reserved 1058816K
  class space    used 1551K, capacity 1730K, committed 1792K, reserved 1048576K

Card table byte_map: [0x00000001095c0000,0x0000000109dc1000] byte_map_base: 0x0000000105fc0000

Marking Bits: (ParMarkBitMap*) 0x00000001081f87a0
 Begin Bits: [0x000000010a317000, 0x000000010e317000)
 End Bits:   [0x000000010e317000, 0x0000000112317000)

Polling page: 0x00000001088e2000

CodeCache: size=245760Kb used=3131Kb max_used=3131Kb free=242628Kb
 bounds [0x0000000115e5d000, 0x000000011617d000, 0x0000000124e5d000]
 total_blobs=1371 nmethods=797 adapters=488
 compilation: enabled

Compilation events (10 events):
Event: 768.243 Thread 0x00007fd856812800 nmethod 793 0x00000001161681d0 code [0x00000001161683a0, 0x0000000116168ac8]
Event: 768.243 Thread 0x00007fd856812800  794       3       java.lang.invoke.MethodType::basicType (8 bytes)
Event: 768.244 Thread 0x00007fd856812800 nmethod 794 0x0000000116168c10 code [0x0000000116168d80, 0x0000000116168f70]
Event: 768.245 Thread 0x00007fd856812800  795       3       java.lang.invoke.MethodHandles$Lookup::getDirectMethodCommon (271 bytes)
Event: 768.247 Thread 0x00007fd856812800 nmethod 795 0x0000000116169010 code [0x0000000116169320, 0x000000011616ad98]
Event: 768.247 Thread 0x00007fd856812800  796       3       java.lang.invoke.MethodHandles$Lookup::checkMethod (83 bytes)
Event: 768.248 Thread 0x00007fd856812800 nmethod 796 0x000000011616b6d0 code [0x000000011616b8c0, 0x000000011616c2f8]
Event: 768.248 Thread 0x00007fd856812800  797       3       java.lang.invoke.MethodHandles$Lookup::maybeBindCaller (44 bytes)
Event: 768.249 Thread 0x00007fd856812800 nmethod 797 0x000000011616c650 code [0x000000011616c840, 0x000000011616d1b8]
Event: 768.252 Thread 0x00007fd856812800  798       3       jdk.internal.org.objectweb.asm.MethodWriter::put (1599 bytes)

GC Heap History (0 events):
No events

Deoptimization events (9 events):
Event: 0.704 Thread 0x00007fd8581af800 Uncommon trap: reason=unstable_if action=reinterpret pc=0x00000001160132b4 method=java.lang.String.replace(CC)Ljava/lang/String; @ 2
Event: 1.199 Thread 0x00007fd8581af800 Uncommon trap: reason=class_check action=maybe_recompile pc=0x0000000115f84d1c method=java.lang.String.equals(Ljava/lang/Object;)Z @ 8
Event: 1.199 Thread 0x00007fd8581af800 Uncommon trap: reason=class_check action=maybe_recompile pc=0x0000000115f84d1c method=java.lang.String.equals(Ljava/lang/Object;)Z @ 8
Event: 1.199 Thread 0x00007fd8581af800 Uncommon trap: reason=class_check action=maybe_recompile pc=0x0000000115f84d1c method=java.lang.String.equals(Ljava/lang/Object;)Z @ 8
Event: 1.321 Thread 0x00007fd85805e800 Uncommon trap: reason=unstable_if action=reinterpret pc=0x00000001160cf160 method=sun.net.www.ParseUtil.encodePath(Ljava/lang/String;Z)Ljava/lang/String; @ 109
Event: 634.040 Thread 0x00007fd8571c9000 Uncommon trap: reason=unstable_if action=reinterpret pc=0x0000000116158604 method=com.sun.javafx.tk.quantum.QuantumToolkit.postPulse()V @ 37
Event: 634.055 Thread 0x00007fd8581af800 Uncommon trap: reason=unstable_if action=reinterpret pc=0x000000011615c530 method=java.util.ArrayList.isEmpty()Z @ 4
Event: 767.912 Thread 0x00007fd8581af800 Uncommon trap: reason=unstable_if action=reinterpret pc=0x000000011615f760 method=com.sun.glass.ui.mac.MacTouchInputSupport.notifyNextTouchEvent(Lcom/sun/glass/ui/View;IJIIII)V @ 86
Event: 767.913 Thread 0x00007fd8581af800 Uncommon trap: reason=unstable_if action=reinterpret pc=0x00000001161623f4 method=java.util.ArrayList.isEmpty()Z @ 4

Internal exceptions (10 events):
Event: 0.300 Thread 0x00007fd858002000 Exception <a 'java/lang/NoSuchFieldError': method resolution failed> (0x000000076af5d220) thrown at [/Users/java_re/workspace/8-2-build-macosx-x86_64/jdk8u51/3951/hotspot/src/share/vm/prims/methodHandles.cpp, line 1125]
Event: 0.341 Thread 0x00007fd858002000 Exception <a 'java/security/PrivilegedActionException'> (0x000000076afe9818) thrown at [/Users/java_re/workspace/8-2-build-macosx-x86_64/jdk8u51/3951/hotspot/src/share/vm/prims/jvm.cpp, line 1382]
Event: 0.342 Thread 0x00007fd858002000 Exception <a 'java/security/PrivilegedActionException'> (0x000000076afe99d0) thrown at [/Users/java_re/workspace/8-2-build-macosx-x86_64/jdk8u51/3951/hotspot/src/share/vm/prims/jvm.cpp, line 1382]
Event: 0.342 Thread 0x00007fd858002000 Exception <a 'java/security/PrivilegedActionException'> (0x000000076afecbc0) thrown at [/Users/java_re/workspace/8-2-build-macosx-x86_64/jdk8u51/3951/hotspot/src/share/vm/prims/jvm.cpp, line 1382]
Event: 0.342 Thread 0x00007fd858002000 Exception <a 'java/security/PrivilegedActionException'> (0x000000076afecd78) thrown at [/Users/java_re/workspace/8-2-build-macosx-x86_64/jdk8u51/3951/hotspot/src/share/vm/prims/jvm.cpp, line 1382]
Event: 0.343 Thread 0x00007fd858002000 Exception <a 'java/lang/NullPointerException'> (0x000000076afedfc8) thrown at [/Users/java_re/workspace/8-2-build-macosx-x86_64/jdk8u51/3951/hotspot/src/share/vm/interpreter/linkResolver.cpp, line 1178]
Event: 0.823 Thread 0x00007fd8581af800 Exception <a 'java/lang/NullPointerException'> (0x000000076bbc8240) thrown at [/Users/java_re/workspace/8-2-build-macosx-x86_64/jdk8u51/3951/hotspot/src/share/vm/interpreter/linkResolver.cpp, line 1178]
Event: 0.823 Thread 0x00007fd8581af800 Exception <a 'java/lang/NullPointerException'> (0x000000076bbc8240) thrown at [/Users/java_re/workspace/8-2-build-macosx-x86_64/jdk8u51/3951/hotspot/src/share/vm/prims/jvm.cpp, line 1386]
Event: 0.923 Thread 0x00007fd8581af800 Exception <a 'java/io/FileNotFoundException'> (0x000000076bdd76e0) thrown at [/Users/java_re/workspace/8-2-build-macosx-x86_64/jdk8u51/3951/hotspot/src/share/vm/prims/jni.cpp, line 709]
Event: 0.923 Thread 0x00007fd8581af800 Exception <a 'java/io/FileNotFoundException'> (0x000000076bdd9268) thrown at [/Users/java_re/workspace/8-2-build-macosx-x86_64/jdk8u51/3951/hotspot/src/share/vm/prims/jni.cpp, line 709]

Events (10 events):
Event: 768.253 Thread 0x00007fd858002000 Thread exited: 0x00007fd858002000
Event: 768.253 Thread 0x00007fd858002000 Thread added: 0x00007fd858002000
Event: 768.254 Thread 0x00007fd8581af800 Thread exited: 0x00007fd8581af800
Event: 768.254 loading class java/util/IdentityHashMap$KeySet
Event: 768.254 loading class java/util/IdentityHashMap$KeySet done
Event: 768.254 loading class java/util/IdentityHashMap$KeyIterator
Event: 768.254 loading class java/util/IdentityHashMap$IdentityHashMapIterator
Event: 768.255 loading class java/util/IdentityHashMap$IdentityHashMapIterator done
Event: 768.255 loading class java/util/IdentityHashMap$KeyIterator done
Event: 768.255 Thread 0x00007fd858002000 Thread exited: 0x00007fd858002000


Dynamic libraries:
0x000000003aaa3000 	/System/Library/Frameworks/Cocoa.framework/Versions/A/Cocoa
0x000000003aaa3000 	/System/Library/Frameworks/Security.framework/Versions/A/Security
0x000000003aaa3000 	/System/Library/Frameworks/ApplicationServices.framework/Versions/A/ApplicationServices
0x000000003aaa3000 	/usr/lib/libz.1.dylib
0x000000003aaa3000 	/usr/lib/libSystem.B.dylib
0x000000003aaa3000 	/usr/lib/libobjc.A.dylib
0x000000003aaa3000 	/System/Library/Frameworks/CoreFoundation.framework/Versions/A/CoreFoundation
0x000000003aaa3000 	/System/Library/Frameworks/Foundation.framework/Versions/C/Foundation
0x000000003aaa3000 	/System/Library/Frameworks/AppKit.framework/Versions/C/AppKit
0x000000003aaa3000 	/System/Library/Frameworks/CoreData.framework/Versions/A/CoreData
0x000000003aaa3000 	/System/Library/PrivateFrameworks/RemoteViewServices.framework/Versions/A/RemoteViewServices
0x000000003aaa3000 	/System/Library/PrivateFrameworks/UIFoundation.framework/Versions/A/UIFoundation
0x000000003aaa3000 	/System/Library/PrivateFrameworks/DFRFoundation.framework/Versions/A/DFRFoundation
0x000000003aaa3000 	/usr/lib/libenergytrace.dylib
0x000000003aaa3000 	/System/Library/PrivateFrameworks/SkyLight.framework/Versions/A/SkyLight
0x000000003aaa3000 	/System/Library/Frameworks/CoreGraphics.framework/Versions/A/CoreGraphics
0x000000003aaa3000 	/usr/lib/libScreenReader.dylib
0x000000003aaa3000 	/System/Library/Frameworks/Accelerate.framework/Versions/A/Accelerate
0x000000003aaa3000 	/System/Library/Frameworks/IOSurface.framework/Versions/A/IOSurface
0x000000003aaa3000 	/System/Library/Frameworks/AudioToolbox.framework/Versions/A/AudioToolbox
0x000000003aaa3000 	/System/Library/Frameworks/AudioUnit.framework/Versions/A/AudioUnit
0x000000003aaa3000 	/System/Library/PrivateFrameworks/DataDetectorsCore.framework/Versions/A/DataDetectorsCore
0x000000003aaa3000 	/System/Library/PrivateFrameworks/DesktopServicesPriv.framework/Versions/A/DesktopServicesPriv
0x000000003aaa3000 	/System/Library/Frameworks/Carbon.framework/Versions/A/Frameworks/HIToolbox.framework/Versions/A/HIToolbox
0x000000003aaa3000 	/usr/lib/libicucore.A.dylib
0x000000003aaa3000 	/System/Library/Frameworks/QuartzCore.framework/Versions/A/QuartzCore
0x000000003aaa3000 	/System/Library/Frameworks/Carbon.framework/Versions/A/Frameworks/SpeechRecognition.framework/Versions/A/SpeechRecognition
0x000000003aaa3000 	/usr/lib/libauto.dylib
0x000000003aaa3000 	/usr/lib/libxml2.2.dylib
0x000000003aaa3000 	/System/Library/PrivateFrameworks/CoreUI.framework/Versions/A/CoreUI
0x000000003aaa3000 	/System/Library/Frameworks/CoreAudio.framework/Versions/A/CoreAudio
0x000000003aaa3000 	/System/Library/Frameworks/DiskArbitration.framework/Versions/A/DiskArbitration
0x000000003aaa3000 	/usr/lib/liblangid.dylib
0x000000003aaa3000 	/System/Library/PrivateFrameworks/MultitouchSupport.framework/Versions/A/MultitouchSupport
0x000000003aaa3000 	/System/Library/Frameworks/IOKit.framework/Versions/A/IOKit
0x000000003aaa3000 	/usr/lib/libDiagnosticMessagesClient.dylib
0x000000003aaa3000 	/System/Library/Frameworks/CoreServices.framework/Versions/A/CoreServices
0x000000003aaa3000 	/System/Library/PrivateFrameworks/PerformanceAnalysis.framework/Versions/A/PerformanceAnalysis
0x000000003aaa3000 	/System/Library/PrivateFrameworks/GenerationalStorage.framework/Versions/A/GenerationalStorage
0x000000003aaa3000 	/System/Library/Frameworks/OpenGL.framework/Versions/A/OpenGL
0x000000003aaa3000 	/System/Library/Frameworks/CoreImage.framework/Versions/A/CoreImage
0x000000003aaa3000 	/System/Library/Frameworks/CoreText.framework/Versions/A/CoreText
0x000000003aaa3000 	/System/Library/Frameworks/ImageIO.framework/Versions/A/ImageIO
0x000000003aaa3000 	/System/Library/PrivateFrameworks/Backup.framework/Versions/A/Backup
0x000000003aaa3000 	/usr/lib/libarchive.2.dylib
0x000000003aaa3000 	/System/Library/Frameworks/CFNetwork.framework/Versions/A/CFNetwork
0x000000003aaa3000 	/System/Library/Frameworks/SystemConfiguration.framework/Versions/A/SystemConfiguration
0x000000003aaa3000 	/usr/lib/libCRFSuite.dylib
0x000000003aaa3000 	/usr/lib/libc++.1.dylib
0x000000003aaa3000 	/usr/lib/libc++abi.dylib
0x000000003aaa3000 	/usr/lib/system/libcache.dylib
0x000000003aaa3000 	/usr/lib/system/libcommonCrypto.dylib
0x000000003aaa3000 	/usr/lib/system/libcompiler_rt.dylib
0x000000003aaa3000 	/usr/lib/system/libcopyfile.dylib
0x000000003aaa3000 	/usr/lib/system/libcorecrypto.dylib
0x000000003aaa3000 	/usr/lib/system/libdispatch.dylib
0x000000003aaa3000 	/usr/lib/system/libdyld.dylib
0x000000003aaa3000 	/usr/lib/system/libkeymgr.dylib
0x000000003aaa3000 	/usr/lib/system/liblaunch.dylib
0x000000003aaa3000 	/usr/lib/system/libmacho.dylib
0x000000003aaa3000 	/usr/lib/system/libquarantine.dylib
0x000000003aaa3000 	/usr/lib/system/libremovefile.dylib
0x000000003aaa3000 	/usr/lib/system/libsystem_asl.dylib
0x000000003aaa3000 	/usr/lib/system/libsystem_blocks.dylib
0x000000003aaa3000 	/usr/lib/system/libsystem_c.dylib
0x000000003aaa3000 	/usr/lib/system/libsystem_configuration.dylib
0x000000003aaa3000 	/usr/lib/system/libsystem_coreservices.dylib
0x000000003aaa3000 	/usr/lib/system/libsystem_coretls.dylib
0x000000003aaa3000 	/usr/lib/system/libsystem_dnssd.dylib
0x000000003aaa3000 	/usr/lib/system/libsystem_info.dylib
0x000000003aaa3000 	/usr/lib/system/libsystem_kernel.dylib
0x000000003aaa3000 	/usr/lib/system/libsystem_m.dylib
0x000000003aaa3000 	/usr/lib/system/libsystem_malloc.dylib
0x000000003aaa3000 	/usr/lib/system/libsystem_network.dylib
0x000000003aaa3000 	/usr/lib/system/libsystem_networkextension.dylib
0x000000003aaa3000 	/usr/lib/system/libsystem_notify.dylib
0x000000003aaa3000 	/usr/lib/system/libsystem_platform.dylib
0x000000003aaa3000 	/usr/lib/system/libsystem_pthread.dylib
0x000000003aaa3000 	/usr/lib/system/libsystem_sandbox.dylib
0x000000003aaa3000 	/usr/lib/system/libsystem_secinit.dylib
0x000000003aaa3000 	/usr/lib/system/libsystem_symptoms.dylib
0x000000003aaa3000 	/usr/lib/system/libsystem_trace.dylib
0x000000003aaa3000 	/usr/lib/system/libunwind.dylib
0x000000003aaa3000 	/usr/lib/system/libxpc.dylib
0x000000003aaa3000 	/usr/lib/libbsm.0.dylib
0x000000003aaa3000 	/usr/lib/system/libkxld.dylib
0x000000003aaa3000 	/usr/lib/libcoretls.dylib
0x000000003aaa3000 	/usr/lib/libcoretls_cfhelpers.dylib
0x000000003aaa3000 	/usr/lib/libxar.1.dylib
0x000000003aaa3000 	/usr/lib/libsqlite3.dylib
0x000000003aaa3000 	/usr/lib/libpam.2.dylib
0x000000003aaa3000 	/usr/lib/libOpenScriptingUtil.dylib
0x000000003aaa3000 	/usr/lib/libbz2.1.0.dylib
0x000000003aaa3000 	/usr/lib/liblzma.5.dylib
0x000000003aaa3000 	/usr/lib/libnetwork.dylib
0x000000003aaa3000 	/usr/lib/libpcap.A.dylib
0x000000003aaa3000 	/System/Library/Frameworks/CoreServices.framework/Versions/A/Frameworks/FSEvents.framework/Versions/A/FSEvents
0x000000003aaa3000 	/System/Library/Frameworks/CoreServices.framework/Versions/A/Frameworks/CarbonCore.framework/Versions/A/CarbonCore
0x000000003aaa3000 	/System/Library/Frameworks/CoreServices.framework/Versions/A/Frameworks/Metadata.framework/Versions/A/Metadata
0x000000003aaa3000 	/System/Library/Frameworks/CoreServices.framework/Versions/A/Frameworks/OSServices.framework/Versions/A/OSServices
0x000000003aaa3000 	/System/Library/Frameworks/CoreServices.framework/Versions/A/Frameworks/SearchKit.framework/Versions/A/SearchKit
0x000000003aaa3000 	/System/Library/Frameworks/CoreServices.framework/Versions/A/Frameworks/AE.framework/Versions/A/AE
0x000000003aaa3000 	/System/Library/Frameworks/CoreServices.framework/Versions/A/Frameworks/LaunchServices.framework/Versions/A/LaunchServices
0x000000003aaa3000 	/System/Library/Frameworks/CoreServices.framework/Versions/A/Frameworks/DictionaryServices.framework/Versions/A/DictionaryServices
0x000000003aaa3000 	/System/Library/Frameworks/CoreServices.framework/Versions/A/Frameworks/SharedFileList.framework/Versions/A/SharedFileList
0x000000003aaa3000 	/System/Library/Frameworks/NetFS.framework/Versions/A/NetFS
0x000000003aaa3000 	/System/Library/PrivateFrameworks/NetAuth.framework/Versions/A/NetAuth
0x000000003aaa3000 	/System/Library/PrivateFrameworks/login.framework/Versions/A/Frameworks/loginsupport.framework/Versions/A/loginsupport
0x000000003aaa3000 	/System/Library/PrivateFrameworks/TCC.framework/Versions/A/TCC
0x000000003aaa3000 	/usr/lib/libmecabra.dylib
0x000000003aaa3000 	/System/Library/Frameworks/ApplicationServices.framework/Versions/A/Frameworks/ATS.framework/Versions/A/ATS
0x000000003aaa3000 	/System/Library/Frameworks/ApplicationServices.framework/Versions/A/Frameworks/ColorSync.framework/Versions/A/ColorSync
0x000000003aaa3000 	/System/Library/Frameworks/ApplicationServices.framework/Versions/A/Frameworks/HIServices.framework/Versions/A/HIServices
0x000000003aaa3000 	/System/Library/Frameworks/ApplicationServices.framework/Versions/A/Frameworks/LangAnalysis.framework/Versions/A/LangAnalysis
0x000000003aaa3000 	/System/Library/Frameworks/ApplicationServices.framework/Versions/A/Frameworks/PrintCore.framework/Versions/A/PrintCore
0x000000003aaa3000 	/System/Library/Frameworks/ApplicationServices.framework/Versions/A/Frameworks/QD.framework/Versions/A/QD
0x000000003aaa3000 	/System/Library/Frameworks/ApplicationServices.framework/Versions/A/Frameworks/SpeechSynthesis.framework/Versions/A/SpeechSynthesis
0x000000003aaa3000 	/System/Library/Frameworks/Accelerate.framework/Versions/A/Frameworks/vImage.framework/Versions/A/vImage
0x000000003aaa3000 	/System/Library/Frameworks/Accelerate.framework/Versions/A/Frameworks/vecLib.framework/Versions/A/vecLib
0x000000003aaa3000 	/System/Library/Frameworks/Accelerate.framework/Versions/A/Frameworks/vecLib.framework/Versions/A/libvDSP.dylib
0x000000003aaa3000 	/System/Library/Frameworks/Accelerate.framework/Versions/A/Frameworks/vecLib.framework/Versions/A/libBNNS.dylib
0x000000003aaa3000 	/System/Library/Frameworks/Accelerate.framework/Versions/A/Frameworks/vecLib.framework/Versions/A/libQuadrature.dylib
0x000000003aaa3000 	/System/Library/Frameworks/Accelerate.framework/Versions/A/Frameworks/vecLib.framework/Versions/A/libvMisc.dylib
0x000000003aaa3000 	/System/Library/Frameworks/Accelerate.framework/Versions/A/Frameworks/vecLib.framework/Versions/A/libLAPACK.dylib
0x000000003aaa3000 	/System/Library/Frameworks/Accelerate.framework/Versions/A/Frameworks/vecLib.framework/Versions/A/libBLAS.dylib
0x000000003aaa3000 	/System/Library/Frameworks/Accelerate.framework/Versions/A/Frameworks/vecLib.framework/Versions/A/libLinearAlgebra.dylib
0x000000003aaa3000 	/System/Library/Frameworks/Accelerate.framework/Versions/A/Frameworks/vecLib.framework/Versions/A/libSparseBLAS.dylib
0x000000003aaa3000 	/System/Library/Frameworks/ApplicationServices.framework/Versions/A/Frameworks/ATS.framework/Versions/A/Resources/libFontParser.dylib
0x000000003aaa3000 	/System/Library/Frameworks/ApplicationServices.framework/Versions/A/Frameworks/ATS.framework/Versions/A/Resources/libFontRegistry.dylib
0x000000003aaa3000 	/System/Library/Frameworks/ImageIO.framework/Versions/A/Resources/libJPEG.dylib
0x000000003aaa3000 	/System/Library/Frameworks/ImageIO.framework/Versions/A/Resources/libTIFF.dylib
0x000000003aaa3000 	/System/Library/Frameworks/ImageIO.framework/Versions/A/Resources/libPng.dylib
0x000000003aaa3000 	/System/Library/Frameworks/ImageIO.framework/Versions/A/Resources/libGIF.dylib
0x000000003aaa3000 	/System/Library/Frameworks/ImageIO.framework/Versions/A/Resources/libJP2.dylib
0x000000003aaa3000 	/System/Library/Frameworks/ImageIO.framework/Versions/A/Resources/libRadiance.dylib
0x000000003aaa3000 	/usr/lib/libcompression.dylib
0x000000003aaa3000 	/System/Library/PrivateFrameworks/AppleJPEG.framework/Versions/A/AppleJPEG
0x000000003aaa3000 	/usr/lib/libcups.2.dylib
0x000000003aaa3000 	/System/Library/Frameworks/Kerberos.framework/Versions/A/Kerberos
0x000000003aaa3000 	/System/Library/Frameworks/GSS.framework/Versions/A/GSS
0x000000003aaa3000 	/usr/lib/libresolv.9.dylib
0x000000003aaa3000 	/usr/lib/libiconv.2.dylib
0x000000003aaa3000 	/System/Library/PrivateFrameworks/Heimdal.framework/Versions/A/Heimdal
0x000000003aaa3000 	/usr/lib/libheimdal-asn1.dylib
0x000000003aaa3000 	/System/Library/Frameworks/OpenDirectory.framework/Versions/A/OpenDirectory
0x000000003aaa3000 	/System/Library/PrivateFrameworks/CommonAuth.framework/Versions/A/CommonAuth
0x000000003aaa3000 	/System/Library/Frameworks/OpenDirectory.framework/Versions/A/Frameworks/CFOpenDirectory.framework/Versions/A/CFOpenDirectory
0x000000003aaa3000 	/System/Library/Frameworks/SecurityFoundation.framework/Versions/A/SecurityFoundation
0x000000003aaa3000 	/System/Library/PrivateFrameworks/LanguageModeling.framework/Versions/A/LanguageModeling
0x000000003aaa3000 	/usr/lib/libmarisa.dylib
0x000000003aaa3000 	/usr/lib/libChineseTokenizer.dylib
0x000000003aaa3000 	/usr/lib/libcmph.dylib
0x000000003aaa3000 	/System/Library/PrivateFrameworks/CoreEmoji.framework/Versions/A/CoreEmoji
0x000000003aaa3000 	/System/Library/Frameworks/ServiceManagement.framework/Versions/A/ServiceManagement
0x000000003aaa3000 	/usr/lib/libxslt.1.dylib
0x000000003aaa3000 	/System/Library/Frameworks/Carbon.framework/Versions/A/Frameworks/Ink.framework/Versions/A/Ink
0x000000003aaa3000 	/System/Library/PrivateFrameworks/TextureIO.framework/Versions/A/TextureIO
0x000000003aaa3000 	/System/Library/Frameworks/Metal.framework/Versions/A/Metal
0x000000003aaa3000 	/usr/lib/libate.dylib
0x000000003aaa3000 	/System/Library/PrivateFrameworks/GPUCompiler.framework/libmetal_timestamp.dylib
0x000000003aaa3000 	/System/Library/Frameworks/OpenGL.framework/Versions/A/Libraries/libCoreFSCache.dylib
0x000000003aaa3000 	/System/Library/PrivateFrameworks/IOAccelerator.framework/Versions/A/IOAccelerator
0x000000003aaa3000 	/System/Library/Frameworks/CoreVideo.framework/Versions/A/CoreVideo
0x000000003aaa3000 	/usr/lib/libFosl_dynamic.dylib
0x000000003aaa3000 	/System/Library/PrivateFrameworks/MetalPerformanceShaders.framework/Versions/A/MetalPerformanceShaders
0x000000003aaa3000 	/System/Library/PrivateFrameworks/FaceCore.framework/Versions/A/FaceCore
0x000000003aaa3000 	/System/Library/Frameworks/OpenCL.framework/Versions/A/OpenCL
0x000000003aaa3000 	/System/Library/Frameworks/OpenGL.framework/Versions/A/Libraries/libGLU.dylib
0x000000003aaa3000 	/System/Library/Frameworks/OpenGL.framework/Versions/A/Libraries/libGFXShared.dylib
0x000000003aaa3000 	/System/Library/Frameworks/OpenGL.framework/Versions/A/Libraries/libGL.dylib
0x000000003aaa3000 	/System/Library/Frameworks/OpenGL.framework/Versions/A/Libraries/libGLImage.dylib
0x000000003aaa3000 	/System/Library/Frameworks/OpenGL.framework/Versions/A/Libraries/libCVMSPluginSupport.dylib
0x000000003aaa3000 	/System/Library/Frameworks/OpenGL.framework/Versions/A/Libraries/libCoreVMClient.dylib
0x000000003aaa3000 	/System/Library/PrivateFrameworks/CrashReporterSupport.framework/Versions/A/CrashReporterSupport
0x000000003aaa3000 	/System/Library/PrivateFrameworks/Sharing.framework/Versions/A/Sharing
0x000000003aaa3000 	/System/Library/PrivateFrameworks/IconServices.framework/Versions/A/IconServices
0x000000003aaa3000 	/System/Library/PrivateFrameworks/ProtocolBuffer.framework/Versions/A/ProtocolBuffer
0x000000003aaa3000 	/System/Library/PrivateFrameworks/Apple80211.framework/Versions/A/Apple80211
0x000000003aaa3000 	/System/Library/Frameworks/CoreWLAN.framework/Versions/A/CoreWLAN
0x000000003aaa3000 	/System/Library/PrivateFrameworks/CoreUtils.framework/Versions/A/CoreUtils
0x000000003aaa3000 	/System/Library/Frameworks/IOBluetooth.framework/Versions/A/IOBluetooth
0x000000003aaa3000 	/System/Library/PrivateFrameworks/CoreWiFi.framework/Versions/A/CoreWiFi
0x000000003aaa3000 	/System/Library/Frameworks/CoreBluetooth.framework/Versions/A/CoreBluetooth
0x000000003aaa3000 	/System/Library/Frameworks/CoreDisplay.framework/Versions/A/CoreDisplay
0x000000003aaa3000 	/System/Library/PrivateFrameworks/IOPresentment.framework/Versions/A/IOPresentment
0x000000003aaa3000 	/System/Library/PrivateFrameworks/DebugSymbols.framework/Versions/A/DebugSymbols
0x000000003aaa3000 	/System/Library/PrivateFrameworks/CoreSymbolication.framework/Versions/A/CoreSymbolication
0x000000003aaa3000 	/System/Library/PrivateFrameworks/Symbolication.framework/Versions/A/Symbolication
0x000000003aaa3000 	/System/Library/PrivateFrameworks/AppleFSCompression.framework/Versions/A/AppleFSCompression
0x000000003aaa3000 	/System/Library/PrivateFrameworks/SpeechRecognitionCore.framework/Versions/A/SpeechRecognitionCore
0x000000003aaa3000 	/System/Library/PrivateFrameworks/ChunkingLibrary.framework/Versions/A/ChunkingLibrary
0x0000000107936000 	/Library/Java/JavaVirtualMachines/jdk1.8.0_51.jdk/Contents/Home/jre/lib/server/libjvm.dylib
0x000000003aaa3000 	/usr/lib/libstdc++.6.dylib
0x000000010889f000 	/Library/Java/JavaVirtualMachines/jdk1.8.0_51.jdk/Contents/Home/jre/lib/libverify.dylib
0x00000001088ad000 	/Library/Java/JavaVirtualMachines/jdk1.8.0_51.jdk/Contents/Home/jre/lib/libjava.dylib
0x00000001088ec000 	/Library/Java/JavaVirtualMachines/jdk1.8.0_51.jdk/Contents/Home/jre/lib/libzip.dylib
0x0000000114543000 	/System/Library/Frameworks/JavaVM.framework/Frameworks/JavaRuntimeSupport.framework/JavaRuntimeSupport
0x00000001089e9000 	/System/Library/Frameworks/JavaVM.framework/Versions/A/Frameworks/JavaNativeFoundation.framework/Versions/A/JavaNativeFoundation
0x000000011455d000 	/System/Library/Frameworks/JavaVM.framework/Versions/A/JavaVM
0x000000003aaa3000 	/System/Library/Frameworks/Carbon.framework/Versions/A/Carbon
0x000000011456a000 	/System/Library/PrivateFrameworks/JavaLaunching.framework/Versions/A/JavaLaunching
0x000000003aaa3000 	/System/Library/Frameworks/Carbon.framework/Versions/A/Frameworks/CommonPanels.framework/Versions/A/CommonPanels
0x000000003aaa3000 	/System/Library/Frameworks/Carbon.framework/Versions/A/Frameworks/Help.framework/Versions/A/Help
0x000000003aaa3000 	/System/Library/Frameworks/Carbon.framework/Versions/A/Frameworks/ImageCapture.framework/Versions/A/ImageCapture
0x000000003aaa3000 	/System/Library/Frameworks/Carbon.framework/Versions/A/Frameworks/OpenScripting.framework/Versions/A/OpenScripting
0x000000003aaa3000 	/System/Library/Frameworks/Carbon.framework/Versions/A/Frameworks/Print.framework/Versions/A/Print
0x000000003aaa3000 	/System/Library/Frameworks/Carbon.framework/Versions/A/Frameworks/SecurityHI.framework/Versions/A/SecurityHI
0x000000011467d000 	/Library/Java/JavaVirtualMachines/jdk1.8.0_51.jdk/Contents/Home/jre/lib/libprism_es2.dylib
0x00000001146e3000 	/System/Library/Frameworks/OpenGL.framework/Resources/GLEngine.bundle/GLEngine
0x00000001148c7000 	/System/Library/Frameworks/OpenGL.framework/Versions/A/Libraries/libGLProgrammability.dylib
0x0000000114cf5000 	/System/Library/Extensions/AppleIntelHD3000GraphicsGLDriver.bundle/Contents/MacOS/AppleIntelHD3000GraphicsGLDriver
0x000000003aaa3000 	/System/Library/PrivateFrameworks/GPUSupport.framework/Versions/A/Libraries/libGPUSupport.dylib
0x00000001151b1000 	/System/Library/Frameworks/OpenGL.framework/Resources//GLRendererFloat.bundle/GLRendererFloat
0x000000003aaa3000 	/System/Library/Frameworks/OpenCL.framework/Versions/A/Libraries/libcldcpuengine.dylib
0x000000003aaa3000 	/usr/lib/libcrypto.0.9.8.dylib
0x000000003aaa3000 	/System/Library/PrivateFrameworks/TrustEvaluationAgent.framework/Versions/A/TrustEvaluationAgent
0x00000001153c6000 	/Library/Java/JavaVirtualMachines/jdk1.8.0_51.jdk/Contents/Home/jre/lib/libglass.dylib
0x000000003aaa3000 	/System/Library/PrivateFrameworks/CoreServicesInternal.framework/Versions/A/CoreServicesInternal
0x000000003aaa3000 	/System/Library/CoreServices/RawCamera.bundle/Contents/MacOS/RawCamera
0x000000003aaa3000 	/System/Library/Frameworks/Accelerate.framework/Versions/A/Frameworks/vImage.framework/Versions/A/Libraries/libCGInterfaces.dylib
0x000000003aaa3000 	/System/Library/PrivateFrameworks/FamilyControls.framework/Versions/A/FamilyControls
0x000000003aaa3000 	/System/Library/PrivateFrameworks/CommerceKit.framework/Versions/A/Frameworks/CommerceCore.framework/Versions/A/CommerceCore
0x000000003aaa3000 	/System/Library/PrivateFrameworks/SystemAdministration.framework/Versions/A/SystemAdministration
0x000000003aaa3000 	/System/Library/PrivateFrameworks/AppContainer.framework/Versions/A/AppContainer
0x000000003aaa3000 	/System/Library/PrivateFrameworks/SecCodeWrapper.framework/Versions/A/SecCodeWrapper
0x000000003aaa3000 	/System/Library/Frameworks/DirectoryService.framework/Versions/A/DirectoryService
0x000000003aaa3000 	/System/Library/PrivateFrameworks/DiskImages.framework/Versions/A/DiskImages
0x000000003aaa3000 	/System/Library/PrivateFrameworks/LoginUIKit.framework/Versions/A/Frameworks/LoginUICore.framework/Versions/A/LoginUICore
0x000000003aaa3000 	/usr/lib/libCoreStorage.dylib
0x000000003aaa3000 	/usr/lib/libcsfde.dylib
0x000000003aaa3000 	/usr/lib/libodfde.dylib
0x000000003aaa3000 	/System/Library/Frameworks/DiscRecording.framework/Versions/A/DiscRecording
0x000000003aaa3000 	/usr/lib/libcurl.4.dylib
0x000000003aaa3000 	/System/Library/PrivateFrameworks/MediaKit.framework/Versions/A/MediaKit
0x000000003aaa3000 	/System/Library/PrivateFrameworks/ProtectedCloudStorage.framework/Versions/A/ProtectedCloudStorage
0x000000003aaa3000 	/System/Library/PrivateFrameworks/EFILogin.framework/Versions/A/EFILogin
0x000000003aaa3000 	/usr/lib/libutil.dylib
0x000000003aaa3000 	/System/Library/Frameworks/LDAP.framework/Versions/A/LDAP
0x000000003aaa3000 	/usr/lib/libsasl2.2.dylib
0x000000003aaa3000 	/System/Library/PrivateFrameworks/CoreDaemon.framework/Versions/B/CoreDaemon
0x000000003aaa3000 	/System/Library/PrivateFrameworks/AppleSRP.framework/Versions/A/AppleSRP
0x000000003aaa3000 	/System/Library/PrivateFrameworks/APFS.framework/Versions/A/APFS
0x00000001151e8000 	/Library/Java/JavaVirtualMachines/jdk1.8.0_51.jdk/Contents/Home/jre/lib/libjavafx_font.dylib
0x000000003aaa3000 	/System/Library/Frameworks/ApplicationServices.framework/Versions/A/Frameworks/ATS.framework/Versions/A/Resources/libTrueTypeScaler.dylib
0x000000003aaa3000 	/System/Library/PrivateFrameworks/ViewBridge.framework/Versions/A/ViewBridge
0x000000003aaa3000 	/System/Library/PrivateFrameworks/XPCService.framework/Versions/A/XPCService
0x000000003aaa3000 	/System/Library/PrivateFrameworks/AppSandbox.framework/Versions/A/AppSandbox
0x000000003aaa3000 	/usr/lib/libsandbox.1.dylib
0x000000003aaa3000 	/usr/lib/libMatch.1.dylib

VM Arguments:
jvm_args: -Dfile.encoding=UTF-8 
java_command: war.game.Game
java_class_path (initial): /Users/joseaugusto978/workspace/war/bin
Launcher Type: SUN_STANDARD

Environment Variables:
PATH=/usr/bin:/bin:/usr/sbin:/sbin
SHELL=/bin/bash

Signal Handlers:
SIGSEGV: [libjvm.dylib+0x58ef35], sa_mask[0]=11111111011111110111111111111111, sa_flags=SA_ONSTACK|SA_RESTART|SA_SIGINFO
SIGBUS: [libjvm.dylib+0x58ef35], sa_mask[0]=11111111011111110111111111111111, sa_flags=SA_RESTART|SA_SIGINFO
SIGFPE: [libjvm.dylib+0x46c028], sa_mask[0]=11111111011111110111111111111111, sa_flags=SA_RESTART|SA_SIGINFO
SIGPIPE: [libjvm.dylib+0x46c028], sa_mask[0]=11111111011111110111111111111111, sa_flags=SA_RESTART|SA_SIGINFO
SIGXFSZ: [libjvm.dylib+0x46c028], sa_mask[0]=11111111011111110111111111111111, sa_flags=SA_RESTART|SA_SIGINFO
SIGILL: [libjvm.dylib+0x46c028], sa_mask[0]=11111111011111110111111111111111, sa_flags=SA_RESTART|SA_SIGINFO
SIGUSR1: SIG_DFL, sa_mask[0]=00000000000000000000000000000000, sa_flags=none
SIGUSR2: [libjvm.dylib+0x46bb46], sa_mask[0]=00100000000000000000000000000000, sa_flags=SA_RESTART|SA_SIGINFO
SIGHUP: [libjvm.dylib+0x46a119], sa_mask[0]=11111111011111110111111111111111, sa_flags=SA_RESTART|SA_SIGINFO
SIGINT: [libjvm.dylib+0x46a119], sa_mask[0]=11111111011111110111111111111111, sa_flags=SA_RESTART|SA_SIGINFO
SIGTERM: [libjvm.dylib+0x46a119], sa_mask[0]=11111111011111110111111111111111, sa_flags=SA_RESTART|SA_SIGINFO
SIGQUIT: [libjvm.dylib+0x46a119], sa_mask[0]=11111111011111110111111111111111, sa_flags=SA_RESTART|SA_SIGINFO


---------------  S Y S T E M  ---------------

OS:Bsduname:Darwin 16.4.0 Darwin Kernel Version 16.4.0: Thu Dec 22 22:53:21 PST 2016; root:xnu-3789.41.3~3/RELEASE_X86_64 x86_64
rlimit: STACK 8192k, CORE 0k, NPROC 709, NOFILE 10240, AS infinity
load average:6.10 5.06 3.76

CPU:total 4 (2 cores per cpu, 2 threads per core) family 6 model 42 stepping 7, cmov, cx8, fxsr, mmx, sse, sse2, sse3, ssse3, sse4.1, sse4.2, popcnt, avx, aes, clmul, ht, tsc, tscinvbit

Memory: 4k page, physical 16777216k(754564k free)

/proc/meminfo:


vm_info: Java HotSpot(TM) 64-Bit Server VM (25.51-b03) for bsd-amd64 JRE (1.8.0_51-b16), built on Jun  8 2015 18:01:11 by "java_re" with gcc 4.2.1 (Based on Apple Inc. build 5658) (LLVM build 2336.11.00)

time: Tue Feb 28 23:14:46 2017
elapsed time: 768 seconds (0d 0h 12m 48s)

