#
# A fatal error has been detected by the Java Runtime Environment:
#
#  SIGSEGV (0xb) at pc=0x000000012af0a5dd, pid=64795, tid=775
#
# JRE version: Java(TM) SE Runtime Environment (8.0_51-b16) (build 1.8.0_51-b16)
# Java VM: Java HotSpot(TM) 64-Bit Server VM (25.51-b03 mixed mode bsd-amd64 compressed oops)
# Problematic frame:
# C  [libglass.dylib+0x155dd]  GlassScreenDidChangeScreenParameters+0x9d
#
# Failed to write core dump. Core dumps have been disabled. To enable core dumping, try "ulimit -c unlimited" before starting Java again
#
# If you would like to submit a bug report, please visit:
#   http://bugreport.java.com/bugreport/crash.jsp
#

---------------  T H R E A D  ---------------

Current thread is native thread

siginfo: si_signo: 11 (SIGSEGV), si_code: 1 (SEGV_MAPERR), si_addr: 0x0000000000000000

Registers:
RAX=0x000000012af3cbc0, RBX=0x0000000000000000, RCX=0x0000000000000103, RDX=0x00007fe5390619c8
RSP=0x00007fff53157bf0, RBP=0x00007fff53157c00, RSI=0x00007fe533e073c0, RDI=0x0000000000000000
R8 =0x0000000000000040, R9 =0x00007fffce3de040, R10=0xffffffffffffffff, R11=0x0000000000012068
R12=0x0000000000000000, R13=0x00007fe533f5e570, R14=0x00007fe533feed90, R15=0x0000000000000000
RIP=0x000000012af0a5dd, EFLAGS=0x0000000000010202, ERR=0x0000000000000004
  TRAPNO=0x000000000000000e

Top of Stack: (sp=0x00007fff53157bf0)
0x00007fff53157bf0:   00007fe533f5e630 00007fe533feed90
0x00007fff53157c00:   00007fff53157c10 00007fffaffcb9fc
0x00007fff53157c10:   00007fff53157c80 00007fffaffcb8fb
0x00007fff53157c20:   000000010cac6800 00007fffce3d9060
0x00007fff53157c30:   00000000c2000000 00007fffaffcb950
0x00007fff53157c40:   00007fffcad21680 00007fe533f5e570
0x00007fff53157c50:   00007fe533feed90 00007fff531583f8
0x00007fff53157c60:   00007fff53157d40 00007fffc4cc2b40
0x00007fff53157c70:   00007fe533f5e570 00007fffae6fe966
0x00007fff53157c80:   00007fff53157cc0 00007fffaffcb662
0x00007fff53157c90:   00007fff53158280 0000000000000000
0x00007fff53157ca0:   00007fff53157d40 00007fffc4cc2b40
0x00007fff53157cb0:   00007fff531583f8 00007fffae6fe966
0x00007fff53157cc0:   00007fff531583b0 00007fffaff89d12
0x00007fff53157cd0:   000000010cac1000 01ffffffcad1bb01
0x00007fff53157ce0:   00007fe533e0dd40 00007fffcad22cb0
0x00007fff53157cf0:   0000000000000000 00007fe534146048
0x00007fff53157d00:   00007fe533e0dd01 00007fe533c55480
0x00007fff53157d10:   00007fffcae550c0 0000000000000000
0x00007fff53157d20:   00007fe533f5e660 0000000000000000
0x00007fff53157d30:   0000000000000000 00007fffcad618e0
0x00007fff53157d40:   00007fff53158280 0000000000000001
0x00007fff53157d50:   0000000000000100 00007fffaff84d00
0x00007fff53157d60:   00007fff53158180 0000000000000000
0x00007fff53157d70:   0000000000000100 00007fffcad62e00
0x00007fff53157d80:   00007fe533d0afc0 0000000000000001
0x00007fff53157d90:   00007fff531583e0 00007fffaff848e9
0x00007fff53157da0:   00007fff53157e80 00007fe533e90f10
0x00007fff53157db0:   00007fff53157e50 00007fffaf51844f
0x00007fff53157dc0:   0000000000000320 00007fe53c906410
0x00007fff53157dd0:   0000000000000040 0000000000000002
0x00007fff53157de0:   00007fff53157e70 00007fffc574b4be 

Instructions: (pc=0x000000012af0a5dd)
0x000000012af0a5bd:   89 df 4c 89 f1 41 ff 90 68 04 00 00 48 8d 05 f8
0x000000012af0a5cd:   24 03 00 48 8b 30 48 8d 05 e6 25 03 00 48 8b 10
0x000000012af0a5dd:   48 8b 0b 30 c0 48 89 df ff 91 68 04 00 00 48 8b
0x000000012af0a5ed:   03 48 89 df ff 50 78 48 85 c0 74 36 49 89 c6 48 

Register to memory mapping:

RAX=0x000000012af3cbc0: jScreenNotifySettingsChanged+0 in /Library/Java/JavaVirtualMachines/jdk1.8.0_51.jdk/Contents/Home/jre/lib/libglass.dylib at 0x000000012aef5000
RBX=0x0000000000000000 is an unknown value
RCX=0x0000000000000103 is an unknown value
RDX=0x00007fe5390619c8 is an unknown value
RSP=0x00007fff53157bf0 is an unknown value
RBP=0x00007fff53157c00 is an unknown value
RSI=0x00007fe533e073c0 is a global jni handle
RDI=0x0000000000000000 is an unknown value
R8 =0x0000000000000040 is an unknown value
R9 =0x00007fffce3de040: __sFX+0x1c0 in /usr/lib/system/libsystem_c.dylib at 0x00007fffc55e7000
R10=0xffffffffffffffff is an unknown value
R11=0x0000000000012068 is an unknown value
R12=0x0000000000000000 is an unknown value
R13=0x00007fe533f5e570 is an unknown value
R14=0x00007fe533feed90 is an unknown value
R15=0x0000000000000000 is an unknown value


Stack: [0x00007fff5295b000,0x00007fff5315b000],  sp=0x00007fff53157bf0,  free space=8178k
Native frames: (J=compiled Java code, j=interpreted, Vv=VM code, C=native code)
C  [libglass.dylib+0x155dd]  GlassScreenDidChangeScreenParameters+0x9d
C  [CoreFoundation+0x9a9fc]  __CFNOTIFICATIONCENTER_IS_CALLING_OUT_TO_AN_OBSERVER__+0xc
C  [CoreFoundation+0x9a8fb]  _CFXRegistrationPost+0x1ab
C  [CoreFoundation+0x9a662]  ___CFXNotificationPost_block_invoke+0x32
C  [CoreFoundation+0x58d12]  -[_CFXNotificationRegistrar find:object:observer:enumerator:]+0x7e2
C  [CoreFoundation+0x57cfb]  _CFXNotificationPost+0x29b
C  [Foundation+0x6a37]  -[NSNotificationCenter postNotificationName:object:userInfo:]+0x42
C  [AppKit+0x3f1386]  -[NSApplication _reactToScreenInvalidationImmediately:]+0x18f
C  [AppKit+0x3f11c3]  __44-[NSApplication _reactToScreenInvalidation:]_block_invoke+0x3b
C  [CoreFoundation+0xa471c]  __CFRUNLOOP_IS_CALLING_OUT_TO_A_BLOCK__+0xc
C  [CoreFoundation+0x859d4]  __CFRunLoopDoBlocks+0x164
C  [CoreFoundation+0x85516]  __CFRunLoopRun+0x766
C  [CoreFoundation+0x84b54]  CFRunLoopRunSpecific+0x1a4
C  [java+0x6463]  CreateExecutionEnvironment+0x367
C  [java+0x21ac]  JLI_Launch+0x7a0
C  [java+0x84c0]  main+0x65
C  [java+0x1a04]  start+0x34


---------------  P R O C E S S  ---------------

VM state:at safepoint (normal execution)

VM Mutex/Monitor currently owned by a thread:  ([mutex/lock_event])
[0x00007fe533f01ed0] Threads_lock - owner thread: 0x00007fe534010000
[0x00007fe533f023d0] Heap_lock - owner thread: 0x00007fe534130000

Heap:
 PSYoungGen      total 76288K, used 54191K [0x000000076ab00000, 0x0000000770000000, 0x00000007c0000000)
  eden space 65536K, 82% used [0x000000076ab00000,0x000000076dfebf00,0x000000076eb00000)
  from space 10752K, 0% used [0x000000076f580000,0x000000076f580000,0x0000000770000000)
  to   space 10752K, 0% used [0x000000076eb00000,0x000000076eb00000,0x000000076f580000)
 ParOldGen       total 175104K, used 0K [0x00000006c0000000, 0x00000006cab00000, 0x000000076ab00000)
  object space 175104K, 0% used [0x00000006c0000000,0x00000006c0000000,0x00000006cab00000)
 Metaspace       used 11784K, capacity 12374K, committed 12672K, reserved 1060864K
  class space    used 1603K, capacity 1808K, committed 1920K, reserved 1048576K

Card table byte_map: [0x000000010e729000,0x000000010ef2a000] byte_map_base: 0x000000010b129000

Marking Bits: (ParMarkBitMap*) 0x000000010dcc27a0
 Begin Bits: [0x0000000120042000, 0x0000000124042000)
 End Bits:   [0x0000000124042000, 0x0000000128042000)

Polling page: 0x000000010cb65000

CodeCache: size=245760Kb used=3771Kb max_used=3771Kb free=241988Kb
 bounds [0x0000000111042000, 0x00000001113f2000, 0x0000000120042000]
 total_blobs=1634 nmethods=1056 adapters=492
 compilation: enabled

Compilation events (10 events):
Event: 1638.210 Thread 0x00007fe534035800 1052       3       java.lang.invoke.MethodType::basicType (8 bytes)
Event: 1638.211 Thread 0x00007fe534035800 nmethod 1052 0x00000001113e0650 code [0x00000001113e07c0, 0x00000001113e09b0]
Event: 1638.211 Thread 0x00007fe534035800 1053       3       jdk.internal.org.objectweb.asm.MethodWriter::put (1599 bytes)
Event: 1638.224 Thread 0x00007fe534035800 nmethod 1053 0x00000001113e98d0 code [0x00000001113ea180, 0x00000001113edcb8]
Event: 1638.224 Thread 0x00007fe534035800 1054       3       java.lang.invoke.DirectMethodHandle::shouldBeInitialized (123 bytes)
Event: 1638.228 Thread 0x00007fe534035800 nmethod 1054 0x00000001113f0190 code [0x00000001113f0360, 0x00000001113f0a88]
Event: 1638.228 Thread 0x00007fe534035800 1055       3       java.lang.invoke.MethodHandleNatives::isCallerSensitive (29 bytes)
Event: 1638.229 Thread 0x00007fe534035800 nmethod 1055 0x00000001113f0bd0 code [0x00000001113f0d80, 0x00000001113f1428]
Event: 1638.234 Thread 0x00007fe534035800 1056       3       sun.invoke.util.VerifyAccess::isTypeVisible (49 bytes)
Event: 1638.235 Thread 0x00007fe534035800 nmethod 1056 0x00000001113f1650 code [0x00000001113f17e0, 0x00000001113f1d48]

GC Heap History (0 events):
No events

Deoptimization events (10 events):
Event: 0.542 Thread 0x00007fe534130000 Uncommon trap: reason=unstable_if action=reinterpret pc=0x00000001111f1334 method=java.lang.String.replace(CC)Ljava/lang/String; @ 2
Event: 0.981 Thread 0x00007fe534130000 Uncommon trap: reason=class_check action=maybe_recompile pc=0x000000011116969c method=java.lang.String.equals(Ljava/lang/Object;)Z @ 8
Event: 0.981 Thread 0x00007fe534130000 Uncommon trap: reason=class_check action=maybe_recompile pc=0x000000011116969c method=java.lang.String.equals(Ljava/lang/Object;)Z @ 8
Event: 0.981 Thread 0x00007fe534130000 Uncommon trap: reason=class_check action=maybe_recompile pc=0x000000011116969c method=java.lang.String.equals(Ljava/lang/Object;)Z @ 8
Event: 1.104 Thread 0x00007fe5350d1000 Uncommon trap: reason=unstable_if action=reinterpret pc=0x00000001112abda0 method=sun.net.www.ParseUtil.encodePath(Ljava/lang/String;Z)Ljava/lang/String; @ 109
Event: 2.328 Thread 0x00007fe534130000 Uncommon trap: reason=unstable_if action=reinterpret pc=0x0000000111317f7c method=jdk.internal.org.objectweb.asm.Type.getArgumentsAndReturnSizes(Ljava/lang/String;)I @ 47
Event: 1637.773 Thread 0x00007fe534130000 Uncommon trap: reason=unstable_if action=reinterpret pc=0x00000001113e57c4 method=com.sun.glass.ui.TouchInputSupport.notifyBeginTouchEvent(Lcom/sun/glass/ui/View;IZI)V @ 197
Event: 1637.773 Thread 0x00007fe534130000 Uncommon trap: reason=unstable_if action=reinterpret pc=0x00000001113dbe54 method=com.sun.glass.ui.TouchInputSupport.notifyNextTouchEvent(Lcom/sun/glass/ui/View;IJIIII)V @ 110
Event: 1637.773 Thread 0x00007fe534130000 Uncommon trap: reason=unstable_if action=reinterpret pc=0x00000001113deb78 method=com.sun.glass.ui.TouchInputSupport.notifyBeginTouchEvent(Lcom/sun/glass/ui/View;IZI)V @ 4
Event: 1637.866 Thread 0x00007fe534130000 Uncommon trap: reason=unstable_if action=reinterpret pc=0x00000001113e2b10 method=com.sun.glass.ui.mac.MacTouchInputSupport.notifyNextTouchEvent(Lcom/sun/glass/ui/View;IJIIII)V @ 86

Internal exceptions (10 events):
Event: 0.238 Thread 0x00007fe535800800 Exception <a 'java/security/PrivilegedActionException'> (0x000000076afe9668) thrown at [/Users/java_re/workspace/8-2-build-macosx-x86_64/jdk8u51/3951/hotspot/src/share/vm/prims/jvm.cpp, line 1382]
Event: 0.238 Thread 0x00007fe535800800 Exception <a 'java/security/PrivilegedActionException'> (0x000000076afe9820) thrown at [/Users/java_re/workspace/8-2-build-macosx-x86_64/jdk8u51/3951/hotspot/src/share/vm/prims/jvm.cpp, line 1382]
Event: 0.238 Thread 0x00007fe535800800 Exception <a 'java/security/PrivilegedActionException'> (0x000000076afeca10) thrown at [/Users/java_re/workspace/8-2-build-macosx-x86_64/jdk8u51/3951/hotspot/src/share/vm/prims/jvm.cpp, line 1382]
Event: 0.238 Thread 0x00007fe535800800 Exception <a 'java/security/PrivilegedActionException'> (0x000000076afecbc8) thrown at [/Users/java_re/workspace/8-2-build-macosx-x86_64/jdk8u51/3951/hotspot/src/share/vm/prims/jvm.cpp, line 1382]
Event: 0.239 Thread 0x00007fe535800800 Exception <a 'java/lang/NullPointerException'> (0x000000076afede18) thrown at [/Users/java_re/workspace/8-2-build-macosx-x86_64/jdk8u51/3951/hotspot/src/share/vm/interpreter/linkResolver.cpp, line 1178]
Event: 0.632 Thread 0x00007fe534130000 Exception <a 'java/lang/NullPointerException'> (0x000000076bbc8538) thrown at [/Users/java_re/workspace/8-2-build-macosx-x86_64/jdk8u51/3951/hotspot/src/share/vm/interpreter/linkResolver.cpp, line 1178]
Event: 0.632 Thread 0x00007fe534130000 Exception <a 'java/lang/NullPointerException'> (0x000000076bbc8538) thrown at [/Users/java_re/workspace/8-2-build-macosx-x86_64/jdk8u51/3951/hotspot/src/share/vm/prims/jvm.cpp, line 1386]
Event: 7.427 Thread 0x00007fe534130000 Exception <a 'war/linkedList/StackUnderflowException'> (0x000000076c6a77b0) thrown at [/Users/java_re/workspace/8-2-build-macosx-x86_64/jdk8u51/3951/hotspot/src/share/vm/prims/jvm.cpp, line 1386]
Event: 7.684 Thread 0x00007fe534130000 Exception <a 'war/linkedList/StackUnderflowException'> (0x000000076c6bb220) thrown at [/Users/java_re/workspace/8-2-build-macosx-x86_64/jdk8u51/3951/hotspot/src/share/vm/prims/jvm.cpp, line 1386]
Event: 7.902 Thread 0x00007fe534130000 Exception <a 'war/linkedList/StackUnderflowException'> (0x000000076c6cc368) thrown at [/Users/java_re/workspace/8-2-build-macosx-x86_64/jdk8u51/3951/hotspot/src/share/vm/prims/jvm.cpp, line 1386]

Events (10 events):
Event: 1638.234 Thread 0x00007fe5350d1000 Thread exited: 0x00007fe5350d1000
Event: 1638.235 Thread 0x00007fe534130000 Thread exited: 0x00007fe534130000
Event: 1638.235 Thread 0x00007fe5350f9000 Thread exited: 0x00007fe5350f9000
Event: 1638.235 Thread 0x00007fe535800800 Thread exited: 0x00007fe535800800
Event: 1638.235 Thread 0x00007fe534130000 Thread added: 0x00007fe534130000
Event: 1638.235 loading class java/util/IdentityHashMap$KeyIterator
Event: 1638.235 loading class java/util/IdentityHashMap$IdentityHashMapIterator
Event: 1638.235 loading class java/util/IdentityHashMap$IdentityHashMapIterator done
Event: 1638.236 loading class java/util/IdentityHashMap$KeyIterator done
Event: 1638.236 Thread 0x00007fe534130000 Thread exited: 0x00007fe534130000


Dynamic libraries:
0x000000003aaa3000 	/System/Library/Frameworks/Cocoa.framework/Versions/A/Cocoa
0x000000003aaa3000 	/System/Library/Frameworks/Security.framework/Versions/A/Security
0x000000003aaa3000 	/System/Library/Frameworks/ApplicationServices.framework/Versions/A/ApplicationServices
0x000000003aaa3000 	/usr/lib/libz.1.dylib
0x000000003aaa3000 	/usr/lib/libSystem.B.dylib
0x000000003aaa3000 	/usr/lib/libobjc.A.dylib
0x000000003aaa3000 	/System/Library/Frameworks/CoreFoundation.framework/Versions/A/CoreFoundation
0x000000003aaa3000 	/System/Library/Frameworks/Foundation.framework/Versions/C/Foundation
0x000000003aaa3000 	/System/Library/Frameworks/AppKit.framework/Versions/C/AppKit
0x000000003aaa3000 	/System/Library/Frameworks/CoreData.framework/Versions/A/CoreData
0x000000003aaa3000 	/System/Library/PrivateFrameworks/RemoteViewServices.framework/Versions/A/RemoteViewServices
0x000000003aaa3000 	/System/Library/PrivateFrameworks/UIFoundation.framework/Versions/A/UIFoundation
0x000000003aaa3000 	/System/Library/PrivateFrameworks/DFRFoundation.framework/Versions/A/DFRFoundation
0x000000003aaa3000 	/usr/lib/libenergytrace.dylib
0x000000003aaa3000 	/System/Library/PrivateFrameworks/SkyLight.framework/Versions/A/SkyLight
0x000000003aaa3000 	/System/Library/Frameworks/CoreGraphics.framework/Versions/A/CoreGraphics
0x000000003aaa3000 	/usr/lib/libScreenReader.dylib
0x000000003aaa3000 	/System/Library/Frameworks/Accelerate.framework/Versions/A/Accelerate
0x000000003aaa3000 	/System/Library/Frameworks/IOSurface.framework/Versions/A/IOSurface
0x000000003aaa3000 	/System/Library/Frameworks/AudioToolbox.framework/Versions/A/AudioToolbox
0x000000003aaa3000 	/System/Library/Frameworks/AudioUnit.framework/Versions/A/AudioUnit
0x000000003aaa3000 	/System/Library/PrivateFrameworks/DataDetectorsCore.framework/Versions/A/DataDetectorsCore
0x000000003aaa3000 	/System/Library/PrivateFrameworks/DesktopServicesPriv.framework/Versions/A/DesktopServicesPriv
0x000000003aaa3000 	/System/Library/Frameworks/Carbon.framework/Versions/A/Frameworks/HIToolbox.framework/Versions/A/HIToolbox
0x000000003aaa3000 	/usr/lib/libicucore.A.dylib
0x000000003aaa3000 	/System/Library/Frameworks/QuartzCore.framework/Versions/A/QuartzCore
0x000000003aaa3000 	/System/Library/Frameworks/Carbon.framework/Versions/A/Frameworks/SpeechRecognition.framework/Versions/A/SpeechRecognition
0x000000003aaa3000 	/usr/lib/libauto.dylib
0x000000003aaa3000 	/usr/lib/libxml2.2.dylib
0x000000003aaa3000 	/System/Library/PrivateFrameworks/CoreUI.framework/Versions/A/CoreUI
0x000000003aaa3000 	/System/Library/Frameworks/CoreAudio.framework/Versions/A/CoreAudio
0x000000003aaa3000 	/System/Library/Frameworks/DiskArbitration.framework/Versions/A/DiskArbitration
0x000000003aaa3000 	/usr/lib/liblangid.dylib
0x000000003aaa3000 	/System/Library/PrivateFrameworks/MultitouchSupport.framework/Versions/A/MultitouchSupport
0x000000003aaa3000 	/System/Library/Frameworks/IOKit.framework/Versions/A/IOKit
0x000000003aaa3000 	/usr/lib/libDiagnosticMessagesClient.dylib
0x000000003aaa3000 	/System/Library/Frameworks/CoreServices.framework/Versions/A/CoreServices
0x000000003aaa3000 	/System/Library/PrivateFrameworks/PerformanceAnalysis.framework/Versions/A/PerformanceAnalysis
0x000000003aaa3000 	/System/Library/PrivateFrameworks/GenerationalStorage.framework/Versions/A/GenerationalStorage
0x000000003aaa3000 	/System/Library/Frameworks/OpenGL.framework/Versions/A/OpenGL
0x000000003aaa3000 	/System/Library/Frameworks/CoreImage.framework/Versions/A/CoreImage
0x000000003aaa3000 	/System/Library/Frameworks/CoreText.framework/Versions/A/CoreText
0x000000003aaa3000 	/System/Library/Frameworks/ImageIO.framework/Versions/A/ImageIO
0x000000003aaa3000 	/System/Library/PrivateFrameworks/Backup.framework/Versions/A/Backup
0x000000003aaa3000 	/usr/lib/libarchive.2.dylib
0x000000003aaa3000 	/System/Library/Frameworks/CFNetwork.framework/Versions/A/CFNetwork
0x000000003aaa3000 	/System/Library/Frameworks/SystemConfiguration.framework/Versions/A/SystemConfiguration
0x000000003aaa3000 	/usr/lib/libCRFSuite.dylib
0x000000003aaa3000 	/usr/lib/libc++.1.dylib
0x000000003aaa3000 	/usr/lib/libc++abi.dylib
0x000000003aaa3000 	/usr/lib/system/libcache.dylib
0x000000003aaa3000 	/usr/lib/system/libcommonCrypto.dylib
0x000000003aaa3000 	/usr/lib/system/libcompiler_rt.dylib
0x000000003aaa3000 	/usr/lib/system/libcopyfile.dylib
0x000000003aaa3000 	/usr/lib/system/libcorecrypto.dylib
0x000000003aaa3000 	/usr/lib/system/libdispatch.dylib
0x000000003aaa3000 	/usr/lib/system/libdyld.dylib
0x000000003aaa3000 	/usr/lib/system/libkeymgr.dylib
0x000000003aaa3000 	/usr/lib/system/liblaunch.dylib
0x000000003aaa3000 	/usr/lib/system/libmacho.dylib
0x000000003aaa3000 	/usr/lib/system/libquarantine.dylib
0x000000003aaa3000 	/usr/lib/system/libremovefile.dylib
0x000000003aaa3000 	/usr/lib/system/libsystem_asl.dylib
0x000000003aaa3000 	/usr/lib/system/libsystem_blocks.dylib
0x000000003aaa3000 	/usr/lib/system/libsystem_c.dylib
0x000000003aaa3000 	/usr/lib/system/libsystem_configuration.dylib
0x000000003aaa3000 	/usr/lib/system/libsystem_coreservices.dylib
0x000000003aaa3000 	/usr/lib/system/libsystem_coretls.dylib
0x000000003aaa3000 	/usr/lib/system/libsystem_dnssd.dylib
0x000000003aaa3000 	/usr/lib/system/libsystem_info.dylib
0x000000003aaa3000 	/usr/lib/system/libsystem_kernel.dylib
0x000000003aaa3000 	/usr/lib/system/libsystem_m.dylib
0x000000003aaa3000 	/usr/lib/system/libsystem_malloc.dylib
0x000000003aaa3000 	/usr/lib/system/libsystem_network.dylib
0x000000003aaa3000 	/usr/lib/system/libsystem_networkextension.dylib
0x000000003aaa3000 	/usr/lib/system/libsystem_notify.dylib
0x000000003aaa3000 	/usr/lib/system/libsystem_platform.dylib
0x000000003aaa3000 	/usr/lib/system/libsystem_pthread.dylib
0x000000003aaa3000 	/usr/lib/system/libsystem_sandbox.dylib
0x000000003aaa3000 	/usr/lib/system/libsystem_secinit.dylib
0x000000003aaa3000 	/usr/lib/system/libsystem_symptoms.dylib
0x000000003aaa3000 	/usr/lib/system/libsystem_trace.dylib
0x000000003aaa3000 	/usr/lib/system/libunwind.dylib
0x000000003aaa3000 	/usr/lib/system/libxpc.dylib
0x000000003aaa3000 	/usr/lib/libbsm.0.dylib
0x000000003aaa3000 	/usr/lib/system/libkxld.dylib
0x000000003aaa3000 	/usr/lib/libcoretls.dylib
0x000000003aaa3000 	/usr/lib/libcoretls_cfhelpers.dylib
0x000000003aaa3000 	/usr/lib/libxar.1.dylib
0x000000003aaa3000 	/usr/lib/libsqlite3.dylib
0x000000003aaa3000 	/usr/lib/libpam.2.dylib
0x000000003aaa3000 	/usr/lib/libOpenScriptingUtil.dylib
0x000000003aaa3000 	/usr/lib/libbz2.1.0.dylib
0x000000003aaa3000 	/usr/lib/liblzma.5.dylib
0x000000003aaa3000 	/usr/lib/libnetwork.dylib
0x000000003aaa3000 	/usr/lib/libpcap.A.dylib
0x000000003aaa3000 	/System/Library/Frameworks/CoreServices.framework/Versions/A/Frameworks/FSEvents.framework/Versions/A/FSEvents
0x000000003aaa3000 	/System/Library/Frameworks/CoreServices.framework/Versions/A/Frameworks/CarbonCore.framework/Versions/A/CarbonCore
0x000000003aaa3000 	/System/Library/Frameworks/CoreServices.framework/Versions/A/Frameworks/Metadata.framework/Versions/A/Metadata
0x000000003aaa3000 	/System/Library/Frameworks/CoreServices.framework/Versions/A/Frameworks/OSServices.framework/Versions/A/OSServices
0x000000003aaa3000 	/System/Library/Frameworks/CoreServices.framework/Versions/A/Frameworks/SearchKit.framework/Versions/A/SearchKit
0x000000003aaa3000 	/System/Library/Frameworks/CoreServices.framework/Versions/A/Frameworks/AE.framework/Versions/A/AE
0x000000003aaa3000 	/System/Library/Frameworks/CoreServices.framework/Versions/A/Frameworks/LaunchServices.framework/Versions/A/LaunchServices
0x000000003aaa3000 	/System/Library/Frameworks/CoreServices.framework/Versions/A/Frameworks/DictionaryServices.framework/Versions/A/DictionaryServices
0x000000003aaa3000 	/System/Library/Frameworks/CoreServices.framework/Versions/A/Frameworks/SharedFileList.framework/Versions/A/SharedFileList
0x000000003aaa3000 	/System/Library/Frameworks/NetFS.framework/Versions/A/NetFS
0x000000003aaa3000 	/System/Library/PrivateFrameworks/NetAuth.framework/Versions/A/NetAuth
0x000000003aaa3000 	/System/Library/PrivateFrameworks/login.framework/Versions/A/Frameworks/loginsupport.framework/Versions/A/loginsupport
0x000000003aaa3000 	/System/Library/PrivateFrameworks/TCC.framework/Versions/A/TCC
0x000000003aaa3000 	/usr/lib/libmecabra.dylib
0x000000003aaa3000 	/System/Library/Frameworks/ApplicationServices.framework/Versions/A/Frameworks/ATS.framework/Versions/A/ATS
0x000000003aaa3000 	/System/Library/Frameworks/ApplicationServices.framework/Versions/A/Frameworks/ColorSync.framework/Versions/A/ColorSync
0x000000003aaa3000 	/System/Library/Frameworks/ApplicationServices.framework/Versions/A/Frameworks/HIServices.framework/Versions/A/HIServices
0x000000003aaa3000 	/System/Library/Frameworks/ApplicationServices.framework/Versions/A/Frameworks/LangAnalysis.framework/Versions/A/LangAnalysis
0x000000003aaa3000 	/System/Library/Frameworks/ApplicationServices.framework/Versions/A/Frameworks/PrintCore.framework/Versions/A/PrintCore
0x000000003aaa3000 	/System/Library/Frameworks/ApplicationServices.framework/Versions/A/Frameworks/QD.framework/Versions/A/QD
0x000000003aaa3000 	/System/Library/Frameworks/ApplicationServices.framework/Versions/A/Frameworks/SpeechSynthesis.framework/Versions/A/SpeechSynthesis
0x000000003aaa3000 	/System/Library/Frameworks/Accelerate.framework/Versions/A/Frameworks/vImage.framework/Versions/A/vImage
0x000000003aaa3000 	/System/Library/Frameworks/Accelerate.framework/Versions/A/Frameworks/vecLib.framework/Versions/A/vecLib
0x000000003aaa3000 	/System/Library/Frameworks/Accelerate.framework/Versions/A/Frameworks/vecLib.framework/Versions/A/libvDSP.dylib
0x000000003aaa3000 	/System/Library/Frameworks/Accelerate.framework/Versions/A/Frameworks/vecLib.framework/Versions/A/libBNNS.dylib
0x000000003aaa3000 	/System/Library/Frameworks/Accelerate.framework/Versions/A/Frameworks/vecLib.framework/Versions/A/libQuadrature.dylib
0x000000003aaa3000 	/System/Library/Frameworks/Accelerate.framework/Versions/A/Frameworks/vecLib.framework/Versions/A/libvMisc.dylib
0x000000003aaa3000 	/System/Library/Frameworks/Accelerate.framework/Versions/A/Frameworks/vecLib.framework/Versions/A/libLAPACK.dylib
0x000000003aaa3000 	/System/Library/Frameworks/Accelerate.framework/Versions/A/Frameworks/vecLib.framework/Versions/A/libBLAS.dylib
0x000000003aaa3000 	/System/Library/Frameworks/Accelerate.framework/Versions/A/Frameworks/vecLib.framework/Versions/A/libLinearAlgebra.dylib
0x000000003aaa3000 	/System/Library/Frameworks/Accelerate.framework/Versions/A/Frameworks/vecLib.framework/Versions/A/libSparseBLAS.dylib
0x000000003aaa3000 	/System/Library/Frameworks/ApplicationServices.framework/Versions/A/Frameworks/ATS.framework/Versions/A/Resources/libFontParser.dylib
0x000000003aaa3000 	/System/Library/Frameworks/ApplicationServices.framework/Versions/A/Frameworks/ATS.framework/Versions/A/Resources/libFontRegistry.dylib
0x000000003aaa3000 	/System/Library/Frameworks/ImageIO.framework/Versions/A/Resources/libJPEG.dylib
0x000000003aaa3000 	/System/Library/Frameworks/ImageIO.framework/Versions/A/Resources/libTIFF.dylib
0x000000003aaa3000 	/System/Library/Frameworks/ImageIO.framework/Versions/A/Resources/libPng.dylib
0x000000003aaa3000 	/System/Library/Frameworks/ImageIO.framework/Versions/A/Resources/libGIF.dylib
0x000000003aaa3000 	/System/Library/Frameworks/ImageIO.framework/Versions/A/Resources/libJP2.dylib
0x000000003aaa3000 	/System/Library/Frameworks/ImageIO.framework/Versions/A/Resources/libRadiance.dylib
0x000000003aaa3000 	/usr/lib/libcompression.dylib
0x000000003aaa3000 	/System/Library/PrivateFrameworks/AppleJPEG.framework/Versions/A/AppleJPEG
0x000000003aaa3000 	/usr/lib/libcups.2.dylib
0x000000003aaa3000 	/System/Library/Frameworks/Kerberos.framework/Versions/A/Kerberos
0x000000003aaa3000 	/System/Library/Frameworks/GSS.framework/Versions/A/GSS
0x000000003aaa3000 	/usr/lib/libresolv.9.dylib
0x000000003aaa3000 	/usr/lib/libiconv.2.dylib
0x000000003aaa3000 	/System/Library/PrivateFrameworks/Heimdal.framework/Versions/A/Heimdal
0x000000003aaa3000 	/usr/lib/libheimdal-asn1.dylib
0x000000003aaa3000 	/System/Library/Frameworks/OpenDirectory.framework/Versions/A/OpenDirectory
0x000000003aaa3000 	/System/Library/PrivateFrameworks/CommonAuth.framework/Versions/A/CommonAuth
0x000000003aaa3000 	/System/Library/Frameworks/OpenDirectory.framework/Versions/A/Frameworks/CFOpenDirectory.framework/Versions/A/CFOpenDirectory
0x000000003aaa3000 	/System/Library/Frameworks/SecurityFoundation.framework/Versions/A/SecurityFoundation
0x000000003aaa3000 	/System/Library/PrivateFrameworks/LanguageModeling.framework/Versions/A/LanguageModeling
0x000000003aaa3000 	/usr/lib/libmarisa.dylib
0x000000003aaa3000 	/usr/lib/libChineseTokenizer.dylib
0x000000003aaa3000 	/usr/lib/libcmph.dylib
0x000000003aaa3000 	/System/Library/PrivateFrameworks/CoreEmoji.framework/Versions/A/CoreEmoji
0x000000003aaa3000 	/System/Library/Frameworks/ServiceManagement.framework/Versions/A/ServiceManagement
0x000000003aaa3000 	/usr/lib/libxslt.1.dylib
0x000000003aaa3000 	/System/Library/Frameworks/Carbon.framework/Versions/A/Frameworks/Ink.framework/Versions/A/Ink
0x000000003aaa3000 	/System/Library/PrivateFrameworks/TextureIO.framework/Versions/A/TextureIO
0x000000003aaa3000 	/System/Library/Frameworks/Metal.framework/Versions/A/Metal
0x000000003aaa3000 	/usr/lib/libate.dylib
0x000000003aaa3000 	/System/Library/PrivateFrameworks/GPUCompiler.framework/libmetal_timestamp.dylib
0x000000003aaa3000 	/System/Library/Frameworks/OpenGL.framework/Versions/A/Libraries/libCoreFSCache.dylib
0x000000003aaa3000 	/System/Library/PrivateFrameworks/IOAccelerator.framework/Versions/A/IOAccelerator
0x000000003aaa3000 	/System/Library/Frameworks/CoreVideo.framework/Versions/A/CoreVideo
0x000000003aaa3000 	/usr/lib/libFosl_dynamic.dylib
0x000000003aaa3000 	/System/Library/PrivateFrameworks/MetalPerformanceShaders.framework/Versions/A/MetalPerformanceShaders
0x000000003aaa3000 	/System/Library/PrivateFrameworks/FaceCore.framework/Versions/A/FaceCore
0x000000003aaa3000 	/System/Library/Frameworks/OpenCL.framework/Versions/A/OpenCL
0x000000003aaa3000 	/System/Library/Frameworks/OpenGL.framework/Versions/A/Libraries/libGLU.dylib
0x000000003aaa3000 	/System/Library/Frameworks/OpenGL.framework/Versions/A/Libraries/libGFXShared.dylib
0x000000003aaa3000 	/System/Library/Frameworks/OpenGL.framework/Versions/A/Libraries/libGL.dylib
0x000000003aaa3000 	/System/Library/Frameworks/OpenGL.framework/Versions/A/Libraries/libGLImage.dylib
0x000000003aaa3000 	/System/Library/Frameworks/OpenGL.framework/Versions/A/Libraries/libCVMSPluginSupport.dylib
0x000000003aaa3000 	/System/Library/Frameworks/OpenGL.framework/Versions/A/Libraries/libCoreVMClient.dylib
0x000000003aaa3000 	/System/Library/PrivateFrameworks/CrashReporterSupport.framework/Versions/A/CrashReporterSupport
0x000000003aaa3000 	/System/Library/PrivateFrameworks/Sharing.framework/Versions/A/Sharing
0x000000003aaa3000 	/System/Library/PrivateFrameworks/IconServices.framework/Versions/A/IconServices
0x000000003aaa3000 	/System/Library/PrivateFrameworks/ProtocolBuffer.framework/Versions/A/ProtocolBuffer
0x000000003aaa3000 	/System/Library/PrivateFrameworks/Apple80211.framework/Versions/A/Apple80211
0x000000003aaa3000 	/System/Library/Frameworks/CoreWLAN.framework/Versions/A/CoreWLAN
0x000000003aaa3000 	/System/Library/PrivateFrameworks/CoreUtils.framework/Versions/A/CoreUtils
0x000000003aaa3000 	/System/Library/Frameworks/IOBluetooth.framework/Versions/A/IOBluetooth
0x000000003aaa3000 	/System/Library/PrivateFrameworks/CoreWiFi.framework/Versions/A/CoreWiFi
0x000000003aaa3000 	/System/Library/Frameworks/CoreBluetooth.framework/Versions/A/CoreBluetooth
0x000000003aaa3000 	/System/Library/Frameworks/CoreDisplay.framework/Versions/A/CoreDisplay
0x000000003aaa3000 	/System/Library/PrivateFrameworks/IOPresentment.framework/Versions/A/IOPresentment
0x000000003aaa3000 	/System/Library/PrivateFrameworks/DebugSymbols.framework/Versions/A/DebugSymbols
0x000000003aaa3000 	/System/Library/PrivateFrameworks/CoreSymbolication.framework/Versions/A/CoreSymbolication
0x000000003aaa3000 	/System/Library/PrivateFrameworks/Symbolication.framework/Versions/A/Symbolication
0x000000003aaa3000 	/System/Library/PrivateFrameworks/AppleFSCompression.framework/Versions/A/AppleFSCompression
0x000000003aaa3000 	/System/Library/PrivateFrameworks/SpeechRecognitionCore.framework/Versions/A/SpeechRecognitionCore
0x000000003aaa3000 	/System/Library/PrivateFrameworks/ChunkingLibrary.framework/Versions/A/ChunkingLibrary
0x000000010d400000 	/Library/Java/JavaVirtualMachines/jdk1.8.0_51.jdk/Contents/Home/jre/lib/server/libjvm.dylib
0x000000003aaa3000 	/usr/lib/libstdc++.6.dylib
0x000000010cb22000 	/Library/Java/JavaVirtualMachines/jdk1.8.0_51.jdk/Contents/Home/jre/lib/libverify.dylib
0x000000010cb30000 	/Library/Java/JavaVirtualMachines/jdk1.8.0_51.jdk/Contents/Home/jre/lib/libjava.dylib
0x000000010cb6f000 	/Library/Java/JavaVirtualMachines/jdk1.8.0_51.jdk/Contents/Home/jre/lib/libzip.dylib
0x0000000110f27000 	/System/Library/Frameworks/JavaVM.framework/Frameworks/JavaRuntimeSupport.framework/JavaRuntimeSupport
0x0000000110f41000 	/System/Library/Frameworks/JavaVM.framework/Versions/A/Frameworks/JavaNativeFoundation.framework/Versions/A/JavaNativeFoundation
0x000000010cbf1000 	/System/Library/Frameworks/JavaVM.framework/Versions/A/JavaVM
0x000000003aaa3000 	/System/Library/Frameworks/Carbon.framework/Versions/A/Carbon
0x0000000110f56000 	/System/Library/PrivateFrameworks/JavaLaunching.framework/Versions/A/JavaLaunching
0x000000003aaa3000 	/System/Library/Frameworks/Carbon.framework/Versions/A/Frameworks/CommonPanels.framework/Versions/A/CommonPanels
0x000000003aaa3000 	/System/Library/Frameworks/Carbon.framework/Versions/A/Frameworks/Help.framework/Versions/A/Help
0x000000003aaa3000 	/System/Library/Frameworks/Carbon.framework/Versions/A/Frameworks/ImageCapture.framework/Versions/A/ImageCapture
0x000000003aaa3000 	/System/Library/Frameworks/Carbon.framework/Versions/A/Frameworks/OpenScripting.framework/Versions/A/OpenScripting
0x000000003aaa3000 	/System/Library/Frameworks/Carbon.framework/Versions/A/Frameworks/Print.framework/Versions/A/Print
0x000000003aaa3000 	/System/Library/Frameworks/Carbon.framework/Versions/A/Frameworks/SecurityHI.framework/Versions/A/SecurityHI
0x000000012a1ac000 	/Library/Java/JavaVirtualMachines/jdk1.8.0_51.jdk/Contents/Home/jre/lib/libprism_es2.dylib
0x000000012a212000 	/System/Library/Frameworks/OpenGL.framework/Resources/GLEngine.bundle/GLEngine
0x000000012a3f6000 	/System/Library/Frameworks/OpenGL.framework/Versions/A/Libraries/libGLProgrammability.dylib
0x000000012a824000 	/System/Library/Extensions/AppleIntelHD3000GraphicsGLDriver.bundle/Contents/MacOS/AppleIntelHD3000GraphicsGLDriver
0x000000003aaa3000 	/System/Library/PrivateFrameworks/GPUSupport.framework/Versions/A/Libraries/libGPUSupport.dylib
0x000000012ace0000 	/System/Library/Frameworks/OpenGL.framework/Resources//GLRendererFloat.bundle/GLRendererFloat
0x000000003aaa3000 	/System/Library/Frameworks/OpenCL.framework/Versions/A/Libraries/libcldcpuengine.dylib
0x000000003aaa3000 	/usr/lib/libcrypto.0.9.8.dylib
0x000000003aaa3000 	/System/Library/PrivateFrameworks/TrustEvaluationAgent.framework/Versions/A/TrustEvaluationAgent
0x000000012aef5000 	/Library/Java/JavaVirtualMachines/jdk1.8.0_51.jdk/Contents/Home/jre/lib/libglass.dylib
0x000000003aaa3000 	/System/Library/PrivateFrameworks/CoreServicesInternal.framework/Versions/A/CoreServicesInternal
0x000000003aaa3000 	/System/Library/CoreServices/RawCamera.bundle/Contents/MacOS/RawCamera
0x000000003aaa3000 	/System/Library/Frameworks/Accelerate.framework/Versions/A/Frameworks/vImage.framework/Versions/A/Libraries/libCGInterfaces.dylib
0x000000003aaa3000 	/System/Library/PrivateFrameworks/FamilyControls.framework/Versions/A/FamilyControls
0x000000003aaa3000 	/System/Library/PrivateFrameworks/CommerceKit.framework/Versions/A/Frameworks/CommerceCore.framework/Versions/A/CommerceCore
0x000000003aaa3000 	/System/Library/PrivateFrameworks/SystemAdministration.framework/Versions/A/SystemAdministration
0x000000003aaa3000 	/System/Library/PrivateFrameworks/AppContainer.framework/Versions/A/AppContainer
0x000000003aaa3000 	/System/Library/PrivateFrameworks/SecCodeWrapper.framework/Versions/A/SecCodeWrapper
0x000000003aaa3000 	/System/Library/Frameworks/DirectoryService.framework/Versions/A/DirectoryService
0x000000003aaa3000 	/System/Library/PrivateFrameworks/DiskImages.framework/Versions/A/DiskImages
0x000000003aaa3000 	/System/Library/PrivateFrameworks/LoginUIKit.framework/Versions/A/Frameworks/LoginUICore.framework/Versions/A/LoginUICore
0x000000003aaa3000 	/usr/lib/libCoreStorage.dylib
0x000000003aaa3000 	/usr/lib/libcsfde.dylib
0x000000003aaa3000 	/usr/lib/libodfde.dylib
0x000000003aaa3000 	/System/Library/Frameworks/DiscRecording.framework/Versions/A/DiscRecording
0x000000003aaa3000 	/usr/lib/libcurl.4.dylib
0x000000003aaa3000 	/System/Library/PrivateFrameworks/MediaKit.framework/Versions/A/MediaKit
0x000000003aaa3000 	/System/Library/PrivateFrameworks/ProtectedCloudStorage.framework/Versions/A/ProtectedCloudStorage
0x000000003aaa3000 	/System/Library/PrivateFrameworks/EFILogin.framework/Versions/A/EFILogin
0x000000003aaa3000 	/usr/lib/libutil.dylib
0x000000003aaa3000 	/System/Library/Frameworks/LDAP.framework/Versions/A/LDAP
0x000000003aaa3000 	/usr/lib/libsasl2.2.dylib
0x000000003aaa3000 	/System/Library/PrivateFrameworks/CoreDaemon.framework/Versions/B/CoreDaemon
0x000000003aaa3000 	/System/Library/PrivateFrameworks/AppleSRP.framework/Versions/A/AppleSRP
0x000000003aaa3000 	/System/Library/PrivateFrameworks/APFS.framework/Versions/A/APFS
0x000000012b15d000 	/Library/Java/JavaVirtualMachines/jdk1.8.0_51.jdk/Contents/Home/jre/lib/libjavafx_font.dylib
0x000000003aaa3000 	/System/Library/Frameworks/ApplicationServices.framework/Versions/A/Frameworks/ATS.framework/Versions/A/Resources/libTrueTypeScaler.dylib
0x000000003aaa3000 	/System/Library/PrivateFrameworks/ViewBridge.framework/Versions/A/ViewBridge
0x000000003aaa3000 	/System/Library/PrivateFrameworks/XPCService.framework/Versions/A/XPCService
0x000000003aaa3000 	/System/Library/PrivateFrameworks/AppSandbox.framework/Versions/A/AppSandbox
0x000000003aaa3000 	/usr/lib/libsandbox.1.dylib
0x000000003aaa3000 	/usr/lib/libMatch.1.dylib

VM Arguments:
jvm_args: -Dfile.encoding=UTF-8 
java_command: war.game.Game
java_class_path (initial): /Users/joseaugusto978/workspace/war/bin
Launcher Type: SUN_STANDARD

Environment Variables:
PATH=/usr/bin:/bin:/usr/sbin:/sbin
SHELL=/bin/bash

Signal Handlers:
SIGSEGV: [libjvm.dylib+0x58ef35], sa_mask[0]=11111111011111110111111111111111, sa_flags=SA_ONSTACK|SA_RESTART|SA_SIGINFO
SIGBUS: [libjvm.dylib+0x58ef35], sa_mask[0]=11111111011111110111111111111111, sa_flags=SA_RESTART|SA_SIGINFO
SIGFPE: [libjvm.dylib+0x46c028], sa_mask[0]=11111111011111110111111111111111, sa_flags=SA_RESTART|SA_SIGINFO
SIGPIPE: [libjvm.dylib+0x46c028], sa_mask[0]=11111111011111110111111111111111, sa_flags=SA_RESTART|SA_SIGINFO
SIGXFSZ: [libjvm.dylib+0x46c028], sa_mask[0]=11111111011111110111111111111111, sa_flags=SA_RESTART|SA_SIGINFO
SIGILL: [libjvm.dylib+0x46c028], sa_mask[0]=11111111011111110111111111111111, sa_flags=SA_RESTART|SA_SIGINFO
SIGUSR1: SIG_DFL, sa_mask[0]=00000000000000000000000000000000, sa_flags=none
SIGUSR2: [libjvm.dylib+0x46bb46], sa_mask[0]=00100000000000000000000000000000, sa_flags=SA_RESTART|SA_SIGINFO
SIGHUP: [libjvm.dylib+0x46a119], sa_mask[0]=11111111011111110111111111111111, sa_flags=SA_RESTART|SA_SIGINFO
SIGINT: [libjvm.dylib+0x46a119], sa_mask[0]=11111111011111110111111111111111, sa_flags=SA_RESTART|SA_SIGINFO
SIGTERM: [libjvm.dylib+0x46a119], sa_mask[0]=11111111011111110111111111111111, sa_flags=SA_RESTART|SA_SIGINFO
SIGQUIT: [libjvm.dylib+0x46a119], sa_mask[0]=11111111011111110111111111111111, sa_flags=SA_RESTART|SA_SIGINFO


---------------  S Y S T E M  ---------------

OS:Bsduname:Darwin 16.4.0 Darwin Kernel Version 16.4.0: Thu Dec 22 22:53:21 PST 2016; root:xnu-3789.41.3~3/RELEASE_X86_64 x86_64
rlimit: STACK 8192k, CORE 0k, NPROC 709, NOFILE 10240, AS infinity
load average:2.51 2.23 2.04

CPU:total 4 (2 cores per cpu, 2 threads per core) family 6 model 42 stepping 7, cmov, cx8, fxsr, mmx, sse, sse2, sse3, ssse3, sse4.1, sse4.2, popcnt, avx, aes, clmul, ht, tsc, tscinvbit

Memory: 4k page, physical 16777216k(756592k free)

/proc/meminfo:


vm_info: Java HotSpot(TM) 64-Bit Server VM (25.51-b03) for bsd-amd64 JRE (1.8.0_51-b16), built on Jun  8 2015 18:01:11 by "java_re" with gcc 4.2.1 (Based on Apple Inc. build 5658) (LLVM build 2336.11.00)

time: Wed Mar  1 02:23:25 2017
elapsed time: 1638 seconds (0d 0h 27m 18s)

