#
# A fatal error has been detected by the Java Runtime Environment:
#
#  SIGSEGV (0xb) at pc=0x000000011c0325dd, pid=64405, tid=775
#
# JRE version: Java(TM) SE Runtime Environment (8.0_51-b16) (build 1.8.0_51-b16)
# Java VM: Java HotSpot(TM) 64-Bit Server VM (25.51-b03 mixed mode bsd-amd64 compressed oops)
# Problematic frame:
# C  [libglass.dylib+0x155dd]  GlassScreenDidChangeScreenParameters+0x9d
#
# Failed to write core dump. Core dumps have been disabled. To enable core dumping, try "ulimit -c unlimited" before starting Java again
#
# If you would like to submit a bug report, please visit:
#   http://bugreport.java.com/bugreport/crash.jsp
#

---------------  T H R E A D  ---------------

Current thread is native thread

siginfo: si_signo: 11 (SIGSEGV), si_code: 1 (SEGV_MAPERR), si_addr: 0x0000000000000000

Registers:
RAX=0x000000011c064bc0, RBX=0x0000000000000000, RCX=0x0000000000000103, RDX=0x00007fd8956158f8
RSP=0x00007fff52639bf0, RBP=0x00007fff52639c00, RSI=0x00007fd892d032d0, RDI=0x0000000000000000
R8 =0x0000000000000040, R9 =0x00007fffce3de040, R10=0xffffffffffffffff, R11=0x0000000000012068
R12=0x0000000000000000, R13=0x00007fd892c50640, R14=0x00007fd899800510, R15=0x0000000000000000
RIP=0x000000011c0325dd, EFLAGS=0x0000000000010202, ERR=0x0000000000000004
  TRAPNO=0x000000000000000e

Top of Stack: (sp=0x00007fff52639bf0)
0x00007fff52639bf0:   00007fd892c50680 00007fd899800510
0x00007fff52639c00:   00007fff52639c10 00007fffaffcb9fc
0x00007fff52639c10:   00007fff52639c80 00007fffaffcb8fb
0x00007fff52639c20:   000000010d5e3e00 00007fffce3d9060
0x00007fff52639c30:   00000000c2000000 00007fffaffcb950
0x00007fff52639c40:   00007fffcad21680 00007fd892c50640
0x00007fff52639c50:   00007fd899800510 00007fff5263a3f8
0x00007fff52639c60:   00007fff52639d40 00007fffc4cc2b40
0x00007fff52639c70:   00007fd892c50640 00007fffae6fe966
0x00007fff52639c80:   00007fff52639cc0 00007fffaffcb662
0x00007fff52639c90:   00007fff5263a280 0000000000000000
0x00007fff52639ca0:   00007fff52639d40 00007fffc4cc2b40
0x00007fff52639cb0:   00007fff5263a3f8 00007fffae6fe966
0x00007fff52639cc0:   00007fff5263a3b0 00007fffaff89d12
0x00007fff52639cd0:   0000000000000190 01ffffffcad1bb01
0x00007fff52639ce0:   00007fd892f09e00 00007fffcad22cb0
0x00007fff52639cf0:   0000000000000000 00007fd89414a048
0x00007fff52639d00:   00007fd892f09e01 00007fd892e4b6f0
0x00007fff52639d10:   00007fffcae550c0 0000000000000000
0x00007fff52639d20:   00007fd892c506b0 0000000000000000
0x00007fff52639d30:   0000000000000000 00007fffcad618e0
0x00007fff52639d40:   00007fff5263a280 0000000000000001
0x00007fff52639d50:   0000000000000100 00007fffaff84d00
0x00007fff52639d60:   00007fff5263a180 0000000000000000
0x00007fff52639d70:   0000000000000100 00007fffcad62e00
0x00007fff52639d80:   00007fd892e0dcc0 0000000000000001
0x00007fff52639d90:   00007fff5263a3e0 00007fffaff848e9
0x00007fff52639da0:   00007fff52639e80 00007fd899809da0
0x00007fff52639db0:   00007fff52639e50 00007fffaf51844f
0x00007fff52639dc0:   0000000000000320 0000000000000001
0x00007fff52639dd0:   0000000000000190 0000000000000002
0x00007fff52639de0:   00007fff52639e70 00007fffc574b4be 

Instructions: (pc=0x000000011c0325dd)
0x000000011c0325bd:   89 df 4c 89 f1 41 ff 90 68 04 00 00 48 8d 05 f8
0x000000011c0325cd:   24 03 00 48 8b 30 48 8d 05 e6 25 03 00 48 8b 10
0x000000011c0325dd:   48 8b 0b 30 c0 48 89 df ff 91 68 04 00 00 48 8b
0x000000011c0325ed:   03 48 89 df ff 50 78 48 85 c0 74 36 49 89 c6 48 

Register to memory mapping:

RAX=0x000000011c064bc0: jScreenNotifySettingsChanged+0 in /Library/Java/JavaVirtualMachines/jdk1.8.0_51.jdk/Contents/Home/jre/lib/libglass.dylib at 0x000000011c01d000
RBX=0x0000000000000000 is an unknown value
RCX=0x0000000000000103 is an unknown value
RDX=0x00007fd8956158f8 is an unknown value
RSP=0x00007fff52639bf0 is an unknown value
RBP=0x00007fff52639c00 is an unknown value
RSI=0x00007fd892d032d0 is a global jni handle
RDI=0x0000000000000000 is an unknown value
R8 =0x0000000000000040 is an unknown value
R9 =0x00007fffce3de040: __sFX+0x1c0 in /usr/lib/system/libsystem_c.dylib at 0x00007fffc55e7000
R10=0xffffffffffffffff is an unknown value
R11=0x0000000000012068 is an unknown value
R12=0x0000000000000000 is an unknown value
R13=0x00007fd892c50640 is an unknown value
R14=0x00007fd899800510 is an unknown value
R15=0x0000000000000000 is an unknown value


Stack: [0x00007fff51e3d000,0x00007fff5263d000],  sp=0x00007fff52639bf0,  free space=8178k
Native frames: (J=compiled Java code, j=interpreted, Vv=VM code, C=native code)
C  [libglass.dylib+0x155dd]  GlassScreenDidChangeScreenParameters+0x9d
C  [CoreFoundation+0x9a9fc]  __CFNOTIFICATIONCENTER_IS_CALLING_OUT_TO_AN_OBSERVER__+0xc
C  [CoreFoundation+0x9a8fb]  _CFXRegistrationPost+0x1ab
C  [CoreFoundation+0x9a662]  ___CFXNotificationPost_block_invoke+0x32
C  [CoreFoundation+0x58d12]  -[_CFXNotificationRegistrar find:object:observer:enumerator:]+0x7e2
C  [CoreFoundation+0x57cfb]  _CFXNotificationPost+0x29b
C  [Foundation+0x6a37]  -[NSNotificationCenter postNotificationName:object:userInfo:]+0x42
C  [AppKit+0x3f1386]  -[NSApplication _reactToScreenInvalidationImmediately:]+0x18f
C  [AppKit+0x3f11c3]  __44-[NSApplication _reactToScreenInvalidation:]_block_invoke+0x3b
C  [CoreFoundation+0xa471c]  __CFRUNLOOP_IS_CALLING_OUT_TO_A_BLOCK__+0xc
C  [CoreFoundation+0x859d4]  __CFRunLoopDoBlocks+0x164
C  [CoreFoundation+0x85516]  __CFRunLoopRun+0x766
C  [CoreFoundation+0x84b54]  CFRunLoopRunSpecific+0x1a4
C  [java+0x6463]  CreateExecutionEnvironment+0x367
C  [java+0x21ac]  JLI_Launch+0x7a0
C  [java+0x84c0]  main+0x65
C  [java+0x1a04]  start+0x34


---------------  P R O C E S S  ---------------

VM state:at safepoint (normal execution)

VM Mutex/Monitor currently owned by a thread:  ([mutex/lock_event])
[0x00007fd892f02ac0] Threads_lock - owner thread: 0x00007fd89382d000
[0x00007fd892f02fc0] Heap_lock - owner thread: 0x00007fd8949d0000

Heap:
 PSYoungGen      total 76288K, used 37150K [0x000000076ab00000, 0x0000000770000000, 0x00000007c0000000)
  eden space 65536K, 56% used [0x000000076ab00000,0x000000076cf47be0,0x000000076eb00000)
  from space 10752K, 0% used [0x000000076f580000,0x000000076f580000,0x0000000770000000)
  to   space 10752K, 0% used [0x000000076eb00000,0x000000076eb00000,0x000000076f580000)
 ParOldGen       total 175104K, used 0K [0x00000006c0000000, 0x00000006cab00000, 0x000000076ab00000)
  object space 175104K, 0% used [0x00000006c0000000,0x00000006c0000000,0x00000006cab00000)
 Metaspace       used 11350K, capacity 11944K, committed 12032K, reserved 1058816K
  class space    used 1547K, capacity 1727K, committed 1792K, reserved 1048576K

Card table byte_map: [0x000000010f329000,0x000000010fb2a000] byte_map_base: 0x000000010bd29000

Marking Bits: (ParMarkBitMap*) 0x000000010e8c27a0
 Begin Bits: [0x0000000110080000, 0x0000000114080000)
 End Bits:   [0x0000000114080000, 0x0000000118080000)

Polling page: 0x000000010d683000

CodeCache: size=245760Kb used=3278Kb max_used=3278Kb free=242481Kb
 bounds [0x000000011c10e000, 0x000000011c44e000, 0x000000012b10e000]
 total_blobs=1442 nmethods=868 adapters=488
 compilation: enabled

Compilation events (10 events):
Event: 221.903 Thread 0x00007fd893049800  864       3       java.lang.invoke.MethodHandles$Lookup::checkSecurityManager (87 bytes)
Event: 221.906 Thread 0x00007fd893049800 nmethod 864 0x000000011c43f410 code [0x000000011c43f6e0, 0x000000011c440a78]
Event: 221.906 Thread 0x00007fd893049800  866       3       java.lang.invoke.MethodTypeForm::canonicalizeAll (66 bytes)
Event: 221.906 Thread 0x00007fd893049800 nmethod 866 0x000000011c43cb50 code [0x000000011c43cd00, 0x000000011c43d338]
Event: 221.906 Thread 0x00007fd893049800  867       3       java.lang.invoke.BoundMethodHandle::<init> (32 bytes)
Event: 221.907 Thread 0x00007fd893049800 nmethod 867 0x000000011c441290 code [0x000000011c441420, 0x000000011c441808]
Event: 221.907 Thread 0x00007fd893049800  869       3       java.lang.invoke.MethodType::basicType (8 bytes)
Event: 221.908 Thread 0x00007fd893049800 nmethod 869 0x000000011c43c750 code [0x000000011c43c8c0, 0x000000011c43cab0]
Event: 221.908 Thread 0x00007fd893049800  868       3       java.lang.invoke.DirectMethodHandle::shouldBeInitialized (123 bytes)
Event: 221.908 Thread 0x00007fd893049800 nmethod 868 0x000000011c441990 code [0x000000011c441b60, 0x000000011c442288]

GC Heap History (0 events):
No events

Deoptimization events (9 events):
Event: 0.597 Thread 0x00007fd89414c000 Uncommon trap: reason=unstable_if action=reinterpret pc=0x000000011c2b34f4 method=java.lang.String.replace(CC)Ljava/lang/String; @ 2
Event: 1.043 Thread 0x00007fd89414c000 Uncommon trap: reason=class_check action=maybe_recompile pc=0x000000011c23399c method=java.lang.String.equals(Ljava/lang/Object;)Z @ 8
Event: 1.043 Thread 0x00007fd89414c000 Uncommon trap: reason=class_check action=maybe_recompile pc=0x000000011c23399c method=java.lang.String.equals(Ljava/lang/Object;)Z @ 8
Event: 1.043 Thread 0x00007fd89414c000 Uncommon trap: reason=class_check action=maybe_recompile pc=0x000000011c23399c method=java.lang.String.equals(Ljava/lang/Object;)Z @ 8
Event: 1.167 Thread 0x00007fd8939b4000 Uncommon trap: reason=unstable_if action=reinterpret pc=0x000000011c378760 method=sun.net.www.ParseUtil.encodePath(Ljava/lang/String;Z)Ljava/lang/String; @ 109
Event: 220.749 Thread 0x00007fd89414c000 Uncommon trap: reason=unstable_if action=reinterpret pc=0x000000011c42fbb0 method=java.util.ArrayList.isEmpty()Z @ 4
Event: 221.483 Thread 0x00007fd89414c000 Uncommon trap: reason=unstable_if action=reinterpret pc=0x000000011c42db64 method=com.sun.glass.ui.mac.MacTouchInputSupport.notifyNextTouchEvent(Lcom/sun/glass/ui/View;IJIIII)V @ 86
Event: 221.483 Thread 0x00007fd89414c000 Uncommon trap: reason=unstable_if action=reinterpret pc=0x000000011c43647c method=java.util.ArrayList.isEmpty()Z @ 4
Event: 221.883 Thread 0x00007fd89414c000 Uncommon trap: reason=unstable_if action=reinterpret pc=0x000000011c4293c4 method=java.util.concurrent.locks.ReentrantLock$Sync.isHeldExclusively()Z @ 7

Internal exceptions (10 events):
Event: 0.067 Thread 0x00007fd893008800 Exception <a 'java/lang/NoSuchMethodError': Method sun.misc.Unsafe.prefetchRead(Ljava/lang/Object;J)V name or signature does not match> (0x000000076ab13040) thrown at [/Users/java_re/workspace/8-2-build-macosx-x86_64/jdk8u51/3951/hotspot/src/share/vm/prim
Event: 0.230 Thread 0x00007fd893008800 Exception <a 'java/lang/NoSuchFieldError': method resolution failed> (0x000000076af4eb68) thrown at [/Users/java_re/workspace/8-2-build-macosx-x86_64/jdk8u51/3951/hotspot/src/share/vm/prims/methodHandles.cpp, line 1125]
Event: 0.234 Thread 0x00007fd893008800 Exception <a 'java/lang/NoSuchFieldError': method resolution failed> (0x000000076af5d238) thrown at [/Users/java_re/workspace/8-2-build-macosx-x86_64/jdk8u51/3951/hotspot/src/share/vm/prims/methodHandles.cpp, line 1125]
Event: 0.267 Thread 0x00007fd893008800 Exception <a 'java/security/PrivilegedActionException'> (0x000000076afe9830) thrown at [/Users/java_re/workspace/8-2-build-macosx-x86_64/jdk8u51/3951/hotspot/src/share/vm/prims/jvm.cpp, line 1382]
Event: 0.267 Thread 0x00007fd893008800 Exception <a 'java/security/PrivilegedActionException'> (0x000000076afe99e8) thrown at [/Users/java_re/workspace/8-2-build-macosx-x86_64/jdk8u51/3951/hotspot/src/share/vm/prims/jvm.cpp, line 1382]
Event: 0.268 Thread 0x00007fd893008800 Exception <a 'java/security/PrivilegedActionException'> (0x000000076afecbd8) thrown at [/Users/java_re/workspace/8-2-build-macosx-x86_64/jdk8u51/3951/hotspot/src/share/vm/prims/jvm.cpp, line 1382]
Event: 0.268 Thread 0x00007fd893008800 Exception <a 'java/security/PrivilegedActionException'> (0x000000076afecd90) thrown at [/Users/java_re/workspace/8-2-build-macosx-x86_64/jdk8u51/3951/hotspot/src/share/vm/prims/jvm.cpp, line 1382]
Event: 0.268 Thread 0x00007fd893008800 Exception <a 'java/lang/NullPointerException'> (0x000000076afedfe0) thrown at [/Users/java_re/workspace/8-2-build-macosx-x86_64/jdk8u51/3951/hotspot/src/share/vm/interpreter/linkResolver.cpp, line 1178]
Event: 0.683 Thread 0x00007fd89414c000 Exception <a 'java/lang/NullPointerException'> (0x000000076bbc8428) thrown at [/Users/java_re/workspace/8-2-build-macosx-x86_64/jdk8u51/3951/hotspot/src/share/vm/interpreter/linkResolver.cpp, line 1178]
Event: 0.683 Thread 0x00007fd89414c000 Exception <a 'java/lang/NullPointerException'> (0x000000076bbc8428) thrown at [/Users/java_re/workspace/8-2-build-macosx-x86_64/jdk8u51/3951/hotspot/src/share/vm/prims/jvm.cpp, line 1386]

Events (10 events):
Event: 221.908 Thread 0x00007fd893008800 Thread exited: 0x00007fd893008800
Event: 221.908 Thread 0x00007fd8949d0000 Thread added: 0x00007fd8949d0000
Event: 221.908 loading class java/util/IdentityHashMap$KeySet
Event: 221.908 loading class java/util/IdentityHashMap$KeySet done
Event: 221.908 loading class java/util/IdentityHashMap$KeyIterator
Event: 221.909 loading class java/util/IdentityHashMap$IdentityHashMapIterator
Event: 221.909 loading class java/util/IdentityHashMap$IdentityHashMapIterator done
Event: 221.909 loading class java/util/IdentityHashMap$KeyIterator done
Event: 221.909 Thread 0x00007fd8949d0000 Thread exited: 0x00007fd8949d0000
Event: 221.909 Thread 0x00007fd893046000 Thread exited: 0x00007fd893046000


Dynamic libraries:
0x000000003aaa3000 	/System/Library/Frameworks/Cocoa.framework/Versions/A/Cocoa
0x000000003aaa3000 	/System/Library/Frameworks/Security.framework/Versions/A/Security
0x000000003aaa3000 	/System/Library/Frameworks/ApplicationServices.framework/Versions/A/ApplicationServices
0x000000003aaa3000 	/usr/lib/libz.1.dylib
0x000000003aaa3000 	/usr/lib/libSystem.B.dylib
0x000000003aaa3000 	/usr/lib/libobjc.A.dylib
0x000000003aaa3000 	/System/Library/Frameworks/CoreFoundation.framework/Versions/A/CoreFoundation
0x000000003aaa3000 	/System/Library/Frameworks/Foundation.framework/Versions/C/Foundation
0x000000003aaa3000 	/System/Library/Frameworks/AppKit.framework/Versions/C/AppKit
0x000000003aaa3000 	/System/Library/Frameworks/CoreData.framework/Versions/A/CoreData
0x000000003aaa3000 	/System/Library/PrivateFrameworks/RemoteViewServices.framework/Versions/A/RemoteViewServices
0x000000003aaa3000 	/System/Library/PrivateFrameworks/UIFoundation.framework/Versions/A/UIFoundation
0x000000003aaa3000 	/System/Library/PrivateFrameworks/DFRFoundation.framework/Versions/A/DFRFoundation
0x000000003aaa3000 	/usr/lib/libenergytrace.dylib
0x000000003aaa3000 	/System/Library/PrivateFrameworks/SkyLight.framework/Versions/A/SkyLight
0x000000003aaa3000 	/System/Library/Frameworks/CoreGraphics.framework/Versions/A/CoreGraphics
0x000000003aaa3000 	/usr/lib/libScreenReader.dylib
0x000000003aaa3000 	/System/Library/Frameworks/Accelerate.framework/Versions/A/Accelerate
0x000000003aaa3000 	/System/Library/Frameworks/IOSurface.framework/Versions/A/IOSurface
0x000000003aaa3000 	/System/Library/Frameworks/AudioToolbox.framework/Versions/A/AudioToolbox
0x000000003aaa3000 	/System/Library/Frameworks/AudioUnit.framework/Versions/A/AudioUnit
0x000000003aaa3000 	/System/Library/PrivateFrameworks/DataDetectorsCore.framework/Versions/A/DataDetectorsCore
0x000000003aaa3000 	/System/Library/PrivateFrameworks/DesktopServicesPriv.framework/Versions/A/DesktopServicesPriv
0x000000003aaa3000 	/System/Library/Frameworks/Carbon.framework/Versions/A/Frameworks/HIToolbox.framework/Versions/A/HIToolbox
0x000000003aaa3000 	/usr/lib/libicucore.A.dylib
0x000000003aaa3000 	/System/Library/Frameworks/QuartzCore.framework/Versions/A/QuartzCore
0x000000003aaa3000 	/System/Library/Frameworks/Carbon.framework/Versions/A/Frameworks/SpeechRecognition.framework/Versions/A/SpeechRecognition
0x000000003aaa3000 	/usr/lib/libauto.dylib
0x000000003aaa3000 	/usr/lib/libxml2.2.dylib
0x000000003aaa3000 	/System/Library/PrivateFrameworks/CoreUI.framework/Versions/A/CoreUI
0x000000003aaa3000 	/System/Library/Frameworks/CoreAudio.framework/Versions/A/CoreAudio
0x000000003aaa3000 	/System/Library/Frameworks/DiskArbitration.framework/Versions/A/DiskArbitration
0x000000003aaa3000 	/usr/lib/liblangid.dylib
0x000000003aaa3000 	/System/Library/PrivateFrameworks/MultitouchSupport.framework/Versions/A/MultitouchSupport
0x000000003aaa3000 	/System/Library/Frameworks/IOKit.framework/Versions/A/IOKit
0x000000003aaa3000 	/usr/lib/libDiagnosticMessagesClient.dylib
0x000000003aaa3000 	/System/Library/Frameworks/CoreServices.framework/Versions/A/CoreServices
0x000000003aaa3000 	/System/Library/PrivateFrameworks/PerformanceAnalysis.framework/Versions/A/PerformanceAnalysis
0x000000003aaa3000 	/System/Library/PrivateFrameworks/GenerationalStorage.framework/Versions/A/GenerationalStorage
0x000000003aaa3000 	/System/Library/Frameworks/OpenGL.framework/Versions/A/OpenGL
0x000000003aaa3000 	/System/Library/Frameworks/CoreImage.framework/Versions/A/CoreImage
0x000000003aaa3000 	/System/Library/Frameworks/CoreText.framework/Versions/A/CoreText
0x000000003aaa3000 	/System/Library/Frameworks/ImageIO.framework/Versions/A/ImageIO
0x000000003aaa3000 	/System/Library/PrivateFrameworks/Backup.framework/Versions/A/Backup
0x000000003aaa3000 	/usr/lib/libarchive.2.dylib
0x000000003aaa3000 	/System/Library/Frameworks/CFNetwork.framework/Versions/A/CFNetwork
0x000000003aaa3000 	/System/Library/Frameworks/SystemConfiguration.framework/Versions/A/SystemConfiguration
0x000000003aaa3000 	/usr/lib/libCRFSuite.dylib
0x000000003aaa3000 	/usr/lib/libc++.1.dylib
0x000000003aaa3000 	/usr/lib/libc++abi.dylib
0x000000003aaa3000 	/usr/lib/system/libcache.dylib
0x000000003aaa3000 	/usr/lib/system/libcommonCrypto.dylib
0x000000003aaa3000 	/usr/lib/system/libcompiler_rt.dylib
0x000000003aaa3000 	/usr/lib/system/libcopyfile.dylib
0x000000003aaa3000 	/usr/lib/system/libcorecrypto.dylib
0x000000003aaa3000 	/usr/lib/system/libdispatch.dylib
0x000000003aaa3000 	/usr/lib/system/libdyld.dylib
0x000000003aaa3000 	/usr/lib/system/libkeymgr.dylib
0x000000003aaa3000 	/usr/lib/system/liblaunch.dylib
0x000000003aaa3000 	/usr/lib/system/libmacho.dylib
0x000000003aaa3000 	/usr/lib/system/libquarantine.dylib
0x000000003aaa3000 	/usr/lib/system/libremovefile.dylib
0x000000003aaa3000 	/usr/lib/system/libsystem_asl.dylib
0x000000003aaa3000 	/usr/lib/system/libsystem_blocks.dylib
0x000000003aaa3000 	/usr/lib/system/libsystem_c.dylib
0x000000003aaa3000 	/usr/lib/system/libsystem_configuration.dylib
0x000000003aaa3000 	/usr/lib/system/libsystem_coreservices.dylib
0x000000003aaa3000 	/usr/lib/system/libsystem_coretls.dylib
0x000000003aaa3000 	/usr/lib/system/libsystem_dnssd.dylib
0x000000003aaa3000 	/usr/lib/system/libsystem_info.dylib
0x000000003aaa3000 	/usr/lib/system/libsystem_kernel.dylib
0x000000003aaa3000 	/usr/lib/system/libsystem_m.dylib
0x000000003aaa3000 	/usr/lib/system/libsystem_malloc.dylib
0x000000003aaa3000 	/usr/lib/system/libsystem_network.dylib
0x000000003aaa3000 	/usr/lib/system/libsystem_networkextension.dylib
0x000000003aaa3000 	/usr/lib/system/libsystem_notify.dylib
0x000000003aaa3000 	/usr/lib/system/libsystem_platform.dylib
0x000000003aaa3000 	/usr/lib/system/libsystem_pthread.dylib
0x000000003aaa3000 	/usr/lib/system/libsystem_sandbox.dylib
0x000000003aaa3000 	/usr/lib/system/libsystem_secinit.dylib
0x000000003aaa3000 	/usr/lib/system/libsystem_symptoms.dylib
0x000000003aaa3000 	/usr/lib/system/libsystem_trace.dylib
0x000000003aaa3000 	/usr/lib/system/libunwind.dylib
0x000000003aaa3000 	/usr/lib/system/libxpc.dylib
0x000000003aaa3000 	/usr/lib/libbsm.0.dylib
0x000000003aaa3000 	/usr/lib/system/libkxld.dylib
0x000000003aaa3000 	/usr/lib/libcoretls.dylib
0x000000003aaa3000 	/usr/lib/libcoretls_cfhelpers.dylib
0x000000003aaa3000 	/usr/lib/libxar.1.dylib
0x000000003aaa3000 	/usr/lib/libsqlite3.dylib
0x000000003aaa3000 	/usr/lib/libpam.2.dylib
0x000000003aaa3000 	/usr/lib/libOpenScriptingUtil.dylib
0x000000003aaa3000 	/usr/lib/libbz2.1.0.dylib
0x000000003aaa3000 	/usr/lib/liblzma.5.dylib
0x000000003aaa3000 	/usr/lib/libnetwork.dylib
0x000000003aaa3000 	/usr/lib/libpcap.A.dylib
0x000000003aaa3000 	/System/Library/Frameworks/CoreServices.framework/Versions/A/Frameworks/FSEvents.framework/Versions/A/FSEvents
0x000000003aaa3000 	/System/Library/Frameworks/CoreServices.framework/Versions/A/Frameworks/CarbonCore.framework/Versions/A/CarbonCore
0x000000003aaa3000 	/System/Library/Frameworks/CoreServices.framework/Versions/A/Frameworks/Metadata.framework/Versions/A/Metadata
0x000000003aaa3000 	/System/Library/Frameworks/CoreServices.framework/Versions/A/Frameworks/OSServices.framework/Versions/A/OSServices
0x000000003aaa3000 	/System/Library/Frameworks/CoreServices.framework/Versions/A/Frameworks/SearchKit.framework/Versions/A/SearchKit
0x000000003aaa3000 	/System/Library/Frameworks/CoreServices.framework/Versions/A/Frameworks/AE.framework/Versions/A/AE
0x000000003aaa3000 	/System/Library/Frameworks/CoreServices.framework/Versions/A/Frameworks/LaunchServices.framework/Versions/A/LaunchServices
0x000000003aaa3000 	/System/Library/Frameworks/CoreServices.framework/Versions/A/Frameworks/DictionaryServices.framework/Versions/A/DictionaryServices
0x000000003aaa3000 	/System/Library/Frameworks/CoreServices.framework/Versions/A/Frameworks/SharedFileList.framework/Versions/A/SharedFileList
0x000000003aaa3000 	/System/Library/Frameworks/NetFS.framework/Versions/A/NetFS
0x000000003aaa3000 	/System/Library/PrivateFrameworks/NetAuth.framework/Versions/A/NetAuth
0x000000003aaa3000 	/System/Library/PrivateFrameworks/login.framework/Versions/A/Frameworks/loginsupport.framework/Versions/A/loginsupport
0x000000003aaa3000 	/System/Library/PrivateFrameworks/TCC.framework/Versions/A/TCC
0x000000003aaa3000 	/usr/lib/libmecabra.dylib
0x000000003aaa3000 	/System/Library/Frameworks/ApplicationServices.framework/Versions/A/Frameworks/ATS.framework/Versions/A/ATS
0x000000003aaa3000 	/System/Library/Frameworks/ApplicationServices.framework/Versions/A/Frameworks/ColorSync.framework/Versions/A/ColorSync
0x000000003aaa3000 	/System/Library/Frameworks/ApplicationServices.framework/Versions/A/Frameworks/HIServices.framework/Versions/A/HIServices
0x000000003aaa3000 	/System/Library/Frameworks/ApplicationServices.framework/Versions/A/Frameworks/LangAnalysis.framework/Versions/A/LangAnalysis
0x000000003aaa3000 	/System/Library/Frameworks/ApplicationServices.framework/Versions/A/Frameworks/PrintCore.framework/Versions/A/PrintCore
0x000000003aaa3000 	/System/Library/Frameworks/ApplicationServices.framework/Versions/A/Frameworks/QD.framework/Versions/A/QD
0x000000003aaa3000 	/System/Library/Frameworks/ApplicationServices.framework/Versions/A/Frameworks/SpeechSynthesis.framework/Versions/A/SpeechSynthesis
0x000000003aaa3000 	/System/Library/Frameworks/Accelerate.framework/Versions/A/Frameworks/vImage.framework/Versions/A/vImage
0x000000003aaa3000 	/System/Library/Frameworks/Accelerate.framework/Versions/A/Frameworks/vecLib.framework/Versions/A/vecLib
0x000000003aaa3000 	/System/Library/Frameworks/Accelerate.framework/Versions/A/Frameworks/vecLib.framework/Versions/A/libvDSP.dylib
0x000000003aaa3000 	/System/Library/Frameworks/Accelerate.framework/Versions/A/Frameworks/vecLib.framework/Versions/A/libBNNS.dylib
0x000000003aaa3000 	/System/Library/Frameworks/Accelerate.framework/Versions/A/Frameworks/vecLib.framework/Versions/A/libQuadrature.dylib
0x000000003aaa3000 	/System/Library/Frameworks/Accelerate.framework/Versions/A/Frameworks/vecLib.framework/Versions/A/libvMisc.dylib
0x000000003aaa3000 	/System/Library/Frameworks/Accelerate.framework/Versions/A/Frameworks/vecLib.framework/Versions/A/libLAPACK.dylib
0x000000003aaa3000 	/System/Library/Frameworks/Accelerate.framework/Versions/A/Frameworks/vecLib.framework/Versions/A/libBLAS.dylib
0x000000003aaa3000 	/System/Library/Frameworks/Accelerate.framework/Versions/A/Frameworks/vecLib.framework/Versions/A/libLinearAlgebra.dylib
0x000000003aaa3000 	/System/Library/Frameworks/Accelerate.framework/Versions/A/Frameworks/vecLib.framework/Versions/A/libSparseBLAS.dylib
0x000000003aaa3000 	/System/Library/Frameworks/ApplicationServices.framework/Versions/A/Frameworks/ATS.framework/Versions/A/Resources/libFontParser.dylib
0x000000003aaa3000 	/System/Library/Frameworks/ApplicationServices.framework/Versions/A/Frameworks/ATS.framework/Versions/A/Resources/libFontRegistry.dylib
0x000000003aaa3000 	/System/Library/Frameworks/ImageIO.framework/Versions/A/Resources/libJPEG.dylib
0x000000003aaa3000 	/System/Library/Frameworks/ImageIO.framework/Versions/A/Resources/libTIFF.dylib
0x000000003aaa3000 	/System/Library/Frameworks/ImageIO.framework/Versions/A/Resources/libPng.dylib
0x000000003aaa3000 	/System/Library/Frameworks/ImageIO.framework/Versions/A/Resources/libGIF.dylib
0x000000003aaa3000 	/System/Library/Frameworks/ImageIO.framework/Versions/A/Resources/libJP2.dylib
0x000000003aaa3000 	/System/Library/Frameworks/ImageIO.framework/Versions/A/Resources/libRadiance.dylib
0x000000003aaa3000 	/usr/lib/libcompression.dylib
0x000000003aaa3000 	/System/Library/PrivateFrameworks/AppleJPEG.framework/Versions/A/AppleJPEG
0x000000003aaa3000 	/usr/lib/libcups.2.dylib
0x000000003aaa3000 	/System/Library/Frameworks/Kerberos.framework/Versions/A/Kerberos
0x000000003aaa3000 	/System/Library/Frameworks/GSS.framework/Versions/A/GSS
0x000000003aaa3000 	/usr/lib/libresolv.9.dylib
0x000000003aaa3000 	/usr/lib/libiconv.2.dylib
0x000000003aaa3000 	/System/Library/PrivateFrameworks/Heimdal.framework/Versions/A/Heimdal
0x000000003aaa3000 	/usr/lib/libheimdal-asn1.dylib
0x000000003aaa3000 	/System/Library/Frameworks/OpenDirectory.framework/Versions/A/OpenDirectory
0x000000003aaa3000 	/System/Library/PrivateFrameworks/CommonAuth.framework/Versions/A/CommonAuth
0x000000003aaa3000 	/System/Library/Frameworks/OpenDirectory.framework/Versions/A/Frameworks/CFOpenDirectory.framework/Versions/A/CFOpenDirectory
0x000000003aaa3000 	/System/Library/Frameworks/SecurityFoundation.framework/Versions/A/SecurityFoundation
0x000000003aaa3000 	/System/Library/PrivateFrameworks/LanguageModeling.framework/Versions/A/LanguageModeling
0x000000003aaa3000 	/usr/lib/libmarisa.dylib
0x000000003aaa3000 	/usr/lib/libChineseTokenizer.dylib
0x000000003aaa3000 	/usr/lib/libcmph.dylib
0x000000003aaa3000 	/System/Library/PrivateFrameworks/CoreEmoji.framework/Versions/A/CoreEmoji
0x000000003aaa3000 	/System/Library/Frameworks/ServiceManagement.framework/Versions/A/ServiceManagement
0x000000003aaa3000 	/usr/lib/libxslt.1.dylib
0x000000003aaa3000 	/System/Library/Frameworks/Carbon.framework/Versions/A/Frameworks/Ink.framework/Versions/A/Ink
0x000000003aaa3000 	/System/Library/PrivateFrameworks/TextureIO.framework/Versions/A/TextureIO
0x000000003aaa3000 	/System/Library/Frameworks/Metal.framework/Versions/A/Metal
0x000000003aaa3000 	/usr/lib/libate.dylib
0x000000003aaa3000 	/System/Library/PrivateFrameworks/GPUCompiler.framework/libmetal_timestamp.dylib
0x000000003aaa3000 	/System/Library/Frameworks/OpenGL.framework/Versions/A/Libraries/libCoreFSCache.dylib
0x000000003aaa3000 	/System/Library/PrivateFrameworks/IOAccelerator.framework/Versions/A/IOAccelerator
0x000000003aaa3000 	/System/Library/Frameworks/CoreVideo.framework/Versions/A/CoreVideo
0x000000003aaa3000 	/usr/lib/libFosl_dynamic.dylib
0x000000003aaa3000 	/System/Library/PrivateFrameworks/MetalPerformanceShaders.framework/Versions/A/MetalPerformanceShaders
0x000000003aaa3000 	/System/Library/PrivateFrameworks/FaceCore.framework/Versions/A/FaceCore
0x000000003aaa3000 	/System/Library/Frameworks/OpenCL.framework/Versions/A/OpenCL
0x000000003aaa3000 	/System/Library/Frameworks/OpenGL.framework/Versions/A/Libraries/libGLU.dylib
0x000000003aaa3000 	/System/Library/Frameworks/OpenGL.framework/Versions/A/Libraries/libGFXShared.dylib
0x000000003aaa3000 	/System/Library/Frameworks/OpenGL.framework/Versions/A/Libraries/libGL.dylib
0x000000003aaa3000 	/System/Library/Frameworks/OpenGL.framework/Versions/A/Libraries/libGLImage.dylib
0x000000003aaa3000 	/System/Library/Frameworks/OpenGL.framework/Versions/A/Libraries/libCVMSPluginSupport.dylib
0x000000003aaa3000 	/System/Library/Frameworks/OpenGL.framework/Versions/A/Libraries/libCoreVMClient.dylib
0x000000003aaa3000 	/System/Library/PrivateFrameworks/CrashReporterSupport.framework/Versions/A/CrashReporterSupport
0x000000003aaa3000 	/System/Library/PrivateFrameworks/Sharing.framework/Versions/A/Sharing
0x000000003aaa3000 	/System/Library/PrivateFrameworks/IconServices.framework/Versions/A/IconServices
0x000000003aaa3000 	/System/Library/PrivateFrameworks/ProtocolBuffer.framework/Versions/A/ProtocolBuffer
0x000000003aaa3000 	/System/Library/PrivateFrameworks/Apple80211.framework/Versions/A/Apple80211
0x000000003aaa3000 	/System/Library/Frameworks/CoreWLAN.framework/Versions/A/CoreWLAN
0x000000003aaa3000 	/System/Library/PrivateFrameworks/CoreUtils.framework/Versions/A/CoreUtils
0x000000003aaa3000 	/System/Library/Frameworks/IOBluetooth.framework/Versions/A/IOBluetooth
0x000000003aaa3000 	/System/Library/PrivateFrameworks/CoreWiFi.framework/Versions/A/CoreWiFi
0x000000003aaa3000 	/System/Library/Frameworks/CoreBluetooth.framework/Versions/A/CoreBluetooth
0x000000003aaa3000 	/System/Library/Frameworks/CoreDisplay.framework/Versions/A/CoreDisplay
0x000000003aaa3000 	/System/Library/PrivateFrameworks/IOPresentment.framework/Versions/A/IOPresentment
0x000000003aaa3000 	/System/Library/PrivateFrameworks/DebugSymbols.framework/Versions/A/DebugSymbols
0x000000003aaa3000 	/System/Library/PrivateFrameworks/CoreSymbolication.framework/Versions/A/CoreSymbolication
0x000000003aaa3000 	/System/Library/PrivateFrameworks/Symbolication.framework/Versions/A/Symbolication
0x000000003aaa3000 	/System/Library/PrivateFrameworks/AppleFSCompression.framework/Versions/A/AppleFSCompression
0x000000003aaa3000 	/System/Library/PrivateFrameworks/SpeechRecognitionCore.framework/Versions/A/SpeechRecognitionCore
0x000000003aaa3000 	/System/Library/PrivateFrameworks/ChunkingLibrary.framework/Versions/A/ChunkingLibrary
0x000000010e000000 	/Library/Java/JavaVirtualMachines/jdk1.8.0_51.jdk/Contents/Home/jre/lib/server/libjvm.dylib
0x000000003aaa3000 	/usr/lib/libstdc++.6.dylib
0x000000010d640000 	/Library/Java/JavaVirtualMachines/jdk1.8.0_51.jdk/Contents/Home/jre/lib/libverify.dylib
0x000000010d64e000 	/Library/Java/JavaVirtualMachines/jdk1.8.0_51.jdk/Contents/Home/jre/lib/libjava.dylib
0x000000010d68d000 	/Library/Java/JavaVirtualMachines/jdk1.8.0_51.jdk/Contents/Home/jre/lib/libzip.dylib
0x000000011a236000 	/System/Library/Frameworks/JavaVM.framework/Frameworks/JavaRuntimeSupport.framework/JavaRuntimeSupport
0x000000011a250000 	/System/Library/Frameworks/JavaVM.framework/Versions/A/Frameworks/JavaNativeFoundation.framework/Versions/A/JavaNativeFoundation
0x000000011a265000 	/System/Library/Frameworks/JavaVM.framework/Versions/A/JavaVM
0x000000003aaa3000 	/System/Library/Frameworks/Carbon.framework/Versions/A/Carbon
0x000000011a272000 	/System/Library/PrivateFrameworks/JavaLaunching.framework/Versions/A/JavaLaunching
0x000000003aaa3000 	/System/Library/Frameworks/Carbon.framework/Versions/A/Frameworks/CommonPanels.framework/Versions/A/CommonPanels
0x000000003aaa3000 	/System/Library/Frameworks/Carbon.framework/Versions/A/Frameworks/Help.framework/Versions/A/Help
0x000000003aaa3000 	/System/Library/Frameworks/Carbon.framework/Versions/A/Frameworks/ImageCapture.framework/Versions/A/ImageCapture
0x000000003aaa3000 	/System/Library/Frameworks/Carbon.framework/Versions/A/Frameworks/OpenScripting.framework/Versions/A/OpenScripting
0x000000003aaa3000 	/System/Library/Frameworks/Carbon.framework/Versions/A/Frameworks/Print.framework/Versions/A/Print
0x000000003aaa3000 	/System/Library/Frameworks/Carbon.framework/Versions/A/Frameworks/SecurityHI.framework/Versions/A/SecurityHI
0x000000011bc3f000 	/Library/Java/JavaVirtualMachines/jdk1.8.0_51.jdk/Contents/Home/jre/lib/libprism_es2.dylib
0x000000011bca5000 	/System/Library/Frameworks/OpenGL.framework/Resources/GLEngine.bundle/GLEngine
0x000000012b10e000 	/System/Library/Frameworks/OpenGL.framework/Versions/A/Libraries/libGLProgrammability.dylib
0x000000012b53c000 	/System/Library/Extensions/AppleIntelHD3000GraphicsGLDriver.bundle/Contents/MacOS/AppleIntelHD3000GraphicsGLDriver
0x000000003aaa3000 	/System/Library/PrivateFrameworks/GPUSupport.framework/Versions/A/Libraries/libGPUSupport.dylib
0x000000011be89000 	/System/Library/Frameworks/OpenGL.framework/Resources//GLRendererFloat.bundle/GLRendererFloat
0x000000003aaa3000 	/System/Library/Frameworks/OpenCL.framework/Versions/A/Libraries/libcldcpuengine.dylib
0x000000003aaa3000 	/usr/lib/libcrypto.0.9.8.dylib
0x000000003aaa3000 	/System/Library/PrivateFrameworks/TrustEvaluationAgent.framework/Versions/A/TrustEvaluationAgent
0x000000011c01d000 	/Library/Java/JavaVirtualMachines/jdk1.8.0_51.jdk/Contents/Home/jre/lib/libglass.dylib
0x000000003aaa3000 	/System/Library/PrivateFrameworks/CoreServicesInternal.framework/Versions/A/CoreServicesInternal
0x000000003aaa3000 	/System/Library/CoreServices/RawCamera.bundle/Contents/MacOS/RawCamera
0x000000003aaa3000 	/System/Library/Frameworks/Accelerate.framework/Versions/A/Frameworks/vImage.framework/Versions/A/Libraries/libCGInterfaces.dylib
0x000000003aaa3000 	/System/Library/PrivateFrameworks/FamilyControls.framework/Versions/A/FamilyControls
0x000000003aaa3000 	/System/Library/PrivateFrameworks/CommerceKit.framework/Versions/A/Frameworks/CommerceCore.framework/Versions/A/CommerceCore
0x000000003aaa3000 	/System/Library/PrivateFrameworks/SystemAdministration.framework/Versions/A/SystemAdministration
0x000000003aaa3000 	/System/Library/PrivateFrameworks/AppContainer.framework/Versions/A/AppContainer
0x000000003aaa3000 	/System/Library/PrivateFrameworks/SecCodeWrapper.framework/Versions/A/SecCodeWrapper
0x000000003aaa3000 	/System/Library/Frameworks/DirectoryService.framework/Versions/A/DirectoryService
0x000000003aaa3000 	/System/Library/PrivateFrameworks/DiskImages.framework/Versions/A/DiskImages
0x000000003aaa3000 	/System/Library/PrivateFrameworks/LoginUIKit.framework/Versions/A/Frameworks/LoginUICore.framework/Versions/A/LoginUICore
0x000000003aaa3000 	/usr/lib/libCoreStorage.dylib
0x000000003aaa3000 	/usr/lib/libcsfde.dylib
0x000000003aaa3000 	/usr/lib/libodfde.dylib
0x000000003aaa3000 	/System/Library/Frameworks/DiscRecording.framework/Versions/A/DiscRecording
0x000000003aaa3000 	/usr/lib/libcurl.4.dylib
0x000000003aaa3000 	/System/Library/PrivateFrameworks/MediaKit.framework/Versions/A/MediaKit
0x000000003aaa3000 	/System/Library/PrivateFrameworks/ProtectedCloudStorage.framework/Versions/A/ProtectedCloudStorage
0x000000003aaa3000 	/System/Library/PrivateFrameworks/EFILogin.framework/Versions/A/EFILogin
0x000000003aaa3000 	/usr/lib/libutil.dylib
0x000000003aaa3000 	/System/Library/Frameworks/LDAP.framework/Versions/A/LDAP
0x000000003aaa3000 	/usr/lib/libsasl2.2.dylib
0x000000003aaa3000 	/System/Library/PrivateFrameworks/CoreDaemon.framework/Versions/B/CoreDaemon
0x000000003aaa3000 	/System/Library/PrivateFrameworks/AppleSRP.framework/Versions/A/AppleSRP
0x000000003aaa3000 	/System/Library/PrivateFrameworks/APFS.framework/Versions/A/APFS
0x000000011bec0000 	/Library/Java/JavaVirtualMachines/jdk1.8.0_51.jdk/Contents/Home/jre/lib/libjavafx_font.dylib
0x000000003aaa3000 	/System/Library/Frameworks/ApplicationServices.framework/Versions/A/Frameworks/ATS.framework/Versions/A/Resources/libTrueTypeScaler.dylib
0x000000003aaa3000 	/System/Library/PrivateFrameworks/ViewBridge.framework/Versions/A/ViewBridge
0x000000003aaa3000 	/System/Library/PrivateFrameworks/XPCService.framework/Versions/A/XPCService
0x000000003aaa3000 	/System/Library/PrivateFrameworks/AppSandbox.framework/Versions/A/AppSandbox
0x000000003aaa3000 	/usr/lib/libsandbox.1.dylib
0x000000003aaa3000 	/usr/lib/libMatch.1.dylib

VM Arguments:
jvm_args: -Dfile.encoding=UTF-8 
java_command: war.game.Game
java_class_path (initial): /Users/joseaugusto978/workspace/war/bin
Launcher Type: SUN_STANDARD

Environment Variables:
PATH=/usr/bin:/bin:/usr/sbin:/sbin
SHELL=/bin/bash

Signal Handlers:
SIGSEGV: [libjvm.dylib+0x58ef35], sa_mask[0]=11111111011111110111111111111111, sa_flags=SA_ONSTACK|SA_RESTART|SA_SIGINFO
SIGBUS: [libjvm.dylib+0x58ef35], sa_mask[0]=11111111011111110111111111111111, sa_flags=SA_RESTART|SA_SIGINFO
SIGFPE: [libjvm.dylib+0x46c028], sa_mask[0]=11111111011111110111111111111111, sa_flags=SA_RESTART|SA_SIGINFO
SIGPIPE: [libjvm.dylib+0x46c028], sa_mask[0]=11111111011111110111111111111111, sa_flags=SA_RESTART|SA_SIGINFO
SIGXFSZ: [libjvm.dylib+0x46c028], sa_mask[0]=11111111011111110111111111111111, sa_flags=SA_RESTART|SA_SIGINFO
SIGILL: [libjvm.dylib+0x46c028], sa_mask[0]=11111111011111110111111111111111, sa_flags=SA_RESTART|SA_SIGINFO
SIGUSR1: SIG_DFL, sa_mask[0]=00000000000000000000000000000000, sa_flags=none
SIGUSR2: [libjvm.dylib+0x46bb46], sa_mask[0]=00100000000000000000000000000000, sa_flags=SA_RESTART|SA_SIGINFO
SIGHUP: [libjvm.dylib+0x46a119], sa_mask[0]=11111111011111110111111111111111, sa_flags=SA_RESTART|SA_SIGINFO
SIGINT: [libjvm.dylib+0x46a119], sa_mask[0]=11111111011111110111111111111111, sa_flags=SA_RESTART|SA_SIGINFO
SIGTERM: [libjvm.dylib+0x46a119], sa_mask[0]=11111111011111110111111111111111, sa_flags=SA_RESTART|SA_SIGINFO
SIGQUIT: [libjvm.dylib+0x46a119], sa_mask[0]=11111111011111110111111111111111, sa_flags=SA_RESTART|SA_SIGINFO


---------------  S Y S T E M  ---------------

OS:Bsduname:Darwin 16.4.0 Darwin Kernel Version 16.4.0: Thu Dec 22 22:53:21 PST 2016; root:xnu-3789.41.3~3/RELEASE_X86_64 x86_64
rlimit: STACK 8192k, CORE 0k, NPROC 709, NOFILE 10240, AS infinity
load average:2.39 2.37 2.33

CPU:total 4 (2 cores per cpu, 2 threads per core) family 6 model 42 stepping 7, cmov, cx8, fxsr, mmx, sse, sse2, sse3, ssse3, sse4.1, sse4.2, popcnt, avx, aes, clmul, ht, tsc, tscinvbit

Memory: 4k page, physical 16777216k(814308k free)

/proc/meminfo:


vm_info: Java HotSpot(TM) 64-Bit Server VM (25.51-b03) for bsd-amd64 JRE (1.8.0_51-b16), built on Jun  8 2015 18:01:11 by "java_re" with gcc 4.2.1 (Based on Apple Inc. build 5658) (LLVM build 2336.11.00)

time: Wed Mar  1 01:51:44 2017
elapsed time: 221 seconds (0d 0h 3m 41s)

