#
# A fatal error has been detected by the Java Runtime Environment:
#
#  SIGSEGV (0xb) at pc=0x000000010e2bc5dd, pid=72701, tid=775
#
# JRE version: Java(TM) SE Runtime Environment (8.0_51-b16) (build 1.8.0_51-b16)
# Java VM: Java HotSpot(TM) 64-Bit Server VM (25.51-b03 mixed mode bsd-amd64 compressed oops)
# Problematic frame:
# C  [libglass.dylib+0x155dd]  GlassScreenDidChangeScreenParameters+0x9d
#
# Failed to write core dump. Core dumps have been disabled. To enable core dumping, try "ulimit -c unlimited" before starting Java again
#
# If you would like to submit a bug report, please visit:
#   http://bugreport.java.com/bugreport/crash.jsp
#

---------------  T H R E A D  ---------------

Current thread is native thread

siginfo: si_signo: 11 (SIGSEGV), si_code: 1 (SEGV_MAPERR), si_addr: 0x0000000000000000

Registers:
RAX=0x000000010e2eebc0, RBX=0x0000000000000000, RCX=0x0000000000000103, RDX=0x00007fb30d01b798
RSP=0x00007fff58d1abf0, RBP=0x00007fff58d1ac00, RSI=0x00007fb307d0ad60, RDI=0x0000000000000000
R8 =0x0000000000000040, R9 =0x00007fffce3de040, R10=0xffffffffffffffff, R11=0x0000000000012068
R12=0x0000000000000000, R13=0x00007fb307d6c9f0, R14=0x00007fb307c46c50, R15=0x0000000000000000
RIP=0x000000010e2bc5dd, EFLAGS=0x0000000000010202, ERR=0x0000000000000004
  TRAPNO=0x000000000000000e

Top of Stack: (sp=0x00007fff58d1abf0)
0x00007fff58d1abf0:   00007fb307d6ca30 00007fb307c46c50
0x00007fff58d1ac00:   00007fff58d1ac10 00007fffaffcb9fc
0x00007fff58d1ac10:   00007fff58d1ac80 00007fffaffcb8fb
0x00007fff58d1ac20:   0000000106f02e00 00007fffce3d9060
0x00007fff58d1ac30:   00000000c2000000 00007fffaffcb950
0x00007fff58d1ac40:   00007fffcad21680 00007fb307d6c9f0
0x00007fff58d1ac50:   00007fb307c46c50 00007fff58d1b3f8
0x00007fff58d1ac60:   00007fff58d1ad40 00007fffc4cc2b40
0x00007fff58d1ac70:   00007fb307d6c9f0 00007fffae6fe966
0x00007fff58d1ac80:   00007fff58d1acc0 00007fffaffcb662
0x00007fff58d1ac90:   00007fff58d1b280 0000000000000000
0x00007fff58d1aca0:   00007fff58d1ad40 00007fffc4cc2b40
0x00007fff58d1acb0:   00007fff58d1b3f8 00007fffae6fe966
0x00007fff58d1acc0:   00007fff58d1b3b0 00007fffaff89d12
0x00007fff58d1acd0:   0000000000000190 01ffffffcad1bb01
0x00007fff58d1ace0:   00007fb307e0cc70 00007fffcad22cb0
0x00007fff58d1acf0:   0000000000000000 00007fb3081bd048
0x00007fff58d1ad00:   00007fb307e0cc01 00007fb307e2b090
0x00007fff58d1ad10:   00007fffcae550c0 0000000000000000
0x00007fff58d1ad20:   00007fb307d6cae0 0000000000000000
0x00007fff58d1ad30:   0000000000000000 00007fffcad618e0
0x00007fff58d1ad40:   00007fff58d1b280 0000000000000001
0x00007fff58d1ad50:   0000000000000100 00007fffaff84d00
0x00007fff58d1ad60:   00007fff58d1b180 0000000000000000
0x00007fff58d1ad70:   0000000000000100 00007fffcad62e00
0x00007fff58d1ad80:   00007fb307d03540 0000000000000001
0x00007fff58d1ad90:   00007fff58d1b3e0 00007fffaff848e9
0x00007fff58d1ada0:   00007fff58d1ae80 00007fb307fbd8b0
0x00007fff58d1adb0:   00007fff58d1ae50 00007fffaf51844f
0x00007fff58d1adc0:   0000000000000320 0000000000000001
0x00007fff58d1add0:   0000000000000702 0000000000000002
0x00007fff58d1ade0:   00007fff58d1ae70 00007fffc574b4be 

Instructions: (pc=0x000000010e2bc5dd)
0x000000010e2bc5bd:   89 df 4c 89 f1 41 ff 90 68 04 00 00 48 8d 05 f8
0x000000010e2bc5cd:   24 03 00 48 8b 30 48 8d 05 e6 25 03 00 48 8b 10
0x000000010e2bc5dd:   48 8b 0b 30 c0 48 89 df ff 91 68 04 00 00 48 8b
0x000000010e2bc5ed:   03 48 89 df ff 50 78 48 85 c0 74 36 49 89 c6 48 

Register to memory mapping:

RAX=0x000000010e2eebc0: jScreenNotifySettingsChanged+0 in /Library/Java/JavaVirtualMachines/jdk1.8.0_51.jdk/Contents/Home/jre/lib/libglass.dylib at 0x000000010e2a7000
RBX=0x0000000000000000 is an unknown value
RCX=0x0000000000000103 is an unknown value
RDX=0x00007fb30d01b798 is an unknown value
RSP=0x00007fff58d1abf0 is an unknown value
RBP=0x00007fff58d1ac00 is an unknown value
RSI=0x00007fb307d0ad60 is a global jni handle
RDI=0x0000000000000000 is an unknown value
R8 =0x0000000000000040 is an unknown value
R9 =0x00007fffce3de040: __sFX+0x1c0 in /usr/lib/system/libsystem_c.dylib at 0x00007fffc55e7000
R10=0xffffffffffffffff is an unknown value
R11=0x0000000000012068 is an unknown value
R12=0x0000000000000000 is an unknown value
R13=0x00007fb307d6c9f0 is an unknown value
R14=0x00007fb307c46c50 is an unknown value
R15=0x0000000000000000 is an unknown value


Stack: [0x00007fff5851e000,0x00007fff58d1e000],  sp=0x00007fff58d1abf0,  free space=8178k
Native frames: (J=compiled Java code, j=interpreted, Vv=VM code, C=native code)
C  [libglass.dylib+0x155dd]  GlassScreenDidChangeScreenParameters+0x9d
C  [CoreFoundation+0x9a9fc]  __CFNOTIFICATIONCENTER_IS_CALLING_OUT_TO_AN_OBSERVER__+0xc
C  [CoreFoundation+0x9a8fb]  _CFXRegistrationPost+0x1ab
C  [CoreFoundation+0x9a662]  ___CFXNotificationPost_block_invoke+0x32
C  [CoreFoundation+0x58d12]  -[_CFXNotificationRegistrar find:object:observer:enumerator:]+0x7e2
C  [CoreFoundation+0x57cfb]  _CFXNotificationPost+0x29b
C  [Foundation+0x6a37]  -[NSNotificationCenter postNotificationName:object:userInfo:]+0x42
C  [AppKit+0x3f1386]  -[NSApplication _reactToScreenInvalidationImmediately:]+0x18f
C  [AppKit+0x3f11c3]  __44-[NSApplication _reactToScreenInvalidation:]_block_invoke+0x3b
C  [CoreFoundation+0xa471c]  __CFRUNLOOP_IS_CALLING_OUT_TO_A_BLOCK__+0xc
C  [CoreFoundation+0x859d4]  __CFRunLoopDoBlocks+0x164
C  [CoreFoundation+0x85516]  __CFRunLoopRun+0x766
C  [CoreFoundation+0x84b54]  CFRunLoopRunSpecific+0x1a4
C  [java+0x6463]  CreateExecutionEnvironment+0x367
C  [java+0x21ac]  JLI_Launch+0x7a0
C  [java+0x84c0]  main+0x65
C  [java+0x1a04]  start+0x34


---------------  P R O C E S S  ---------------

VM state:at safepoint (normal execution)

VM Mutex/Monitor currently owned by a thread:  ([mutex/lock_event])
[0x00007fb307f027a0] Threads_lock - owner thread: 0x00007fb30980d800
[0x00007fb307f02ca0] Heap_lock - owner thread: 0x00007fb309817000

Heap:
 PSYoungGen      total 76288K, used 38492K [0x000000076ab00000, 0x0000000770000000, 0x00000007c0000000)
  eden space 65536K, 58% used [0x000000076ab00000,0x000000076d097210,0x000000076eb00000)
  from space 10752K, 0% used [0x000000076f580000,0x000000076f580000,0x0000000770000000)
  to   space 10752K, 0% used [0x000000076eb00000,0x000000076eb00000,0x000000076f580000)
 ParOldGen       total 175104K, used 0K [0x00000006c0000000, 0x00000006cab00000, 0x000000076ab00000)
  object space 175104K, 0% used [0x00000006c0000000,0x00000006c0000000,0x00000006cab00000)
 Metaspace       used 10756K, capacity 11238K, committed 11392K, reserved 1058816K
  class space    used 1453K, capacity 1612K, committed 1664K, reserved 1048576K

Card table byte_map: [0x0000000108b29000,0x000000010932a000] byte_map_base: 0x0000000105529000

Marking Bits: (ParMarkBitMap*) 0x00000001080c27a0
 Begin Bits: [0x00000001204fa000, 0x00000001244fa000)
 End Bits:   [0x00000001244fa000, 0x00000001284fa000)

Polling page: 0x0000000106fa2000

CodeCache: size=245760Kb used=3142Kb max_used=3142Kb free=242617Kb
 bounds [0x00000001114fa000, 0x000000011181a000, 0x00000001204fa000]
 total_blobs=1391 nmethods=817 adapters=488
 compilation: enabled

Compilation events (10 events):
Event: 1175.641 Thread 0x00007fb309816000 nmethod 813 0x00000001118054d0 code [0x0000000111805660, 0x0000000111805a48]
Event: 1175.641 Thread 0x00007fb309816000  814       3       java.lang.invoke.MemberName::isMethod (7 bytes)
Event: 1175.641 Thread 0x00007fb309816000 nmethod 814 0x0000000111805010 code [0x0000000111805180, 0x00000001118053f0]
Event: 1175.641 Thread 0x00007fb309816000  815       1       java.util.concurrent.locks.AbstractQueuedSynchronizer::getState (5 bytes)
Event: 1175.641 Thread 0x00007fb309816000 nmethod 815 0x0000000111804d50 code [0x0000000111804ea0, 0x0000000111804fb0]
Event: 1175.658 Thread 0x00007fb309816000  816       3       java.lang.invoke.TypeConvertingMethodAdapter::descriptorToName (36 bytes)
Event: 1175.659 Thread 0x00007fb309816000 nmethod 816 0x000000011180c190 code [0x000000011180c360, 0x000000011180ca88]
Event: 1175.659 Thread 0x00007fb309816000  817       3       java.lang.invoke.MethodTypeForm::unpack (30 bytes)
Event: 1175.659 Thread 0x00007fb309816000 nmethod 817 0x0000000111804a50 code [0x0000000111804ba0, 0x0000000111804cf0]
Event: 1175.659 Thread 0x00007fb309816000  818       3       java.lang.invoke.DirectMethodHandle::make (199 bytes)

GC Heap History (0 events):
No events

Deoptimization events (5 events):
Event: 0.597 Thread 0x00007fb3081bc800 Uncommon trap: reason=unstable_if action=reinterpret pc=0x00000001116b3d34 method=java.lang.String.replace(CC)Ljava/lang/String; @ 2
Event: 0.787 Thread 0x00007fb3081bc800 Uncommon trap: reason=unstable_if action=reinterpret pc=0x000000011174cee4 method=com.sun.javafx.iio.gif.GIFImageLoader2$LZWDecoder.readString()I @ 20
Event: 1.213 Thread 0x00007fb309817000 Uncommon trap: reason=unstable_if action=reinterpret pc=0x0000000111774360 method=sun.net.www.ParseUtil.encodePath(Ljava/lang/String;Z)Ljava/lang/String; @ 109
Event: 286.801 Thread 0x00007fb3081bc800 Uncommon trap: reason=unstable_if action=reinterpret pc=0x00000001117fc28c method=com.sun.javafx.tk.quantum.GlassViewEventHandler.lambda$null$373(JIZI)Ljava/lang/Void; @ 25
Event: 1175.624 Thread 0x00007fb3081bc800 Uncommon trap: reason=unstable_if action=reinterpret pc=0x00000001117fa084 method=java.util.concurrent.locks.ReentrantLock$Sync.isHeldExclusively()Z @ 7

Internal exceptions (10 events):
Event: 0.060 Thread 0x00007fb309005800 Exception <a 'java/lang/NoSuchMethodError': Method sun.misc.Unsafe.prefetchRead(Ljava/lang/Object;J)V name or signature does not match> (0x000000076ab13040) thrown at [/Users/java_re/workspace/8-2-build-macosx-x86_64/jdk8u51/3951/hotspot/src/share/vm/prim
Event: 0.233 Thread 0x00007fb309005800 Exception <a 'java/lang/NoSuchFieldError': method resolution failed> (0x000000076af4eb50) thrown at [/Users/java_re/workspace/8-2-build-macosx-x86_64/jdk8u51/3951/hotspot/src/share/vm/prims/methodHandles.cpp, line 1125]
Event: 0.236 Thread 0x00007fb309005800 Exception <a 'java/lang/NoSuchFieldError': method resolution failed> (0x000000076af5d220) thrown at [/Users/java_re/workspace/8-2-build-macosx-x86_64/jdk8u51/3951/hotspot/src/share/vm/prims/methodHandles.cpp, line 1125]
Event: 0.272 Thread 0x00007fb309005800 Exception <a 'java/security/PrivilegedActionException'> (0x000000076afe9818) thrown at [/Users/java_re/workspace/8-2-build-macosx-x86_64/jdk8u51/3951/hotspot/src/share/vm/prims/jvm.cpp, line 1382]
Event: 0.272 Thread 0x00007fb309005800 Exception <a 'java/security/PrivilegedActionException'> (0x000000076afe99d0) thrown at [/Users/java_re/workspace/8-2-build-macosx-x86_64/jdk8u51/3951/hotspot/src/share/vm/prims/jvm.cpp, line 1382]
Event: 0.273 Thread 0x00007fb309005800 Exception <a 'java/security/PrivilegedActionException'> (0x000000076afecbc0) thrown at [/Users/java_re/workspace/8-2-build-macosx-x86_64/jdk8u51/3951/hotspot/src/share/vm/prims/jvm.cpp, line 1382]
Event: 0.273 Thread 0x00007fb309005800 Exception <a 'java/security/PrivilegedActionException'> (0x000000076afecd78) thrown at [/Users/java_re/workspace/8-2-build-macosx-x86_64/jdk8u51/3951/hotspot/src/share/vm/prims/jvm.cpp, line 1382]
Event: 0.273 Thread 0x00007fb309005800 Exception <a 'java/lang/NullPointerException'> (0x000000076afedfc8) thrown at [/Users/java_re/workspace/8-2-build-macosx-x86_64/jdk8u51/3951/hotspot/src/share/vm/interpreter/linkResolver.cpp, line 1178]
Event: 0.693 Thread 0x00007fb3081bc800 Exception <a 'java/lang/NullPointerException'> (0x000000076bbbfe08) thrown at [/Users/java_re/workspace/8-2-build-macosx-x86_64/jdk8u51/3951/hotspot/src/share/vm/interpreter/linkResolver.cpp, line 1178]
Event: 0.693 Thread 0x00007fb3081bc800 Exception <a 'java/lang/NullPointerException'> (0x000000076bbbfe08) thrown at [/Users/java_re/workspace/8-2-build-macosx-x86_64/jdk8u51/3951/hotspot/src/share/vm/prims/jvm.cpp, line 1386]

Events (10 events):
Event: 1175.660 Thread 0x00007fb309005800 Thread exited: 0x00007fb309005800
Event: 1175.660 Thread 0x00007fb309817000 Thread added: 0x00007fb309817000
Event: 1175.661 loading class java/util/IdentityHashMap$KeySet
Event: 1175.661 loading class java/util/IdentityHashMap$KeySet done
Event: 1175.661 loading class java/util/IdentityHashMap$KeyIterator
Event: 1175.661 loading class java/util/IdentityHashMap$IdentityHashMapIterator
Event: 1175.662 loading class java/util/IdentityHashMap$IdentityHashMapIterator done
Event: 1175.662 loading class java/util/IdentityHashMap$KeyIterator done
Event: 1175.662 Thread 0x00007fb309817000 Thread exited: 0x00007fb309817000
Event: 1175.662 Thread 0x00007fb30880f800 Thread exited: 0x00007fb30880f800


Dynamic libraries:
0x000000003aaa3000 	/System/Library/Frameworks/Cocoa.framework/Versions/A/Cocoa
0x000000003aaa3000 	/System/Library/Frameworks/Security.framework/Versions/A/Security
0x000000003aaa3000 	/System/Library/Frameworks/ApplicationServices.framework/Versions/A/ApplicationServices
0x000000003aaa3000 	/usr/lib/libz.1.dylib
0x000000003aaa3000 	/usr/lib/libSystem.B.dylib
0x000000003aaa3000 	/usr/lib/libobjc.A.dylib
0x000000003aaa3000 	/System/Library/Frameworks/CoreFoundation.framework/Versions/A/CoreFoundation
0x000000003aaa3000 	/System/Library/Frameworks/Foundation.framework/Versions/C/Foundation
0x000000003aaa3000 	/System/Library/Frameworks/AppKit.framework/Versions/C/AppKit
0x000000003aaa3000 	/System/Library/Frameworks/CoreData.framework/Versions/A/CoreData
0x000000003aaa3000 	/System/Library/PrivateFrameworks/RemoteViewServices.framework/Versions/A/RemoteViewServices
0x000000003aaa3000 	/System/Library/PrivateFrameworks/UIFoundation.framework/Versions/A/UIFoundation
0x000000003aaa3000 	/System/Library/PrivateFrameworks/DFRFoundation.framework/Versions/A/DFRFoundation
0x000000003aaa3000 	/usr/lib/libenergytrace.dylib
0x000000003aaa3000 	/System/Library/PrivateFrameworks/SkyLight.framework/Versions/A/SkyLight
0x000000003aaa3000 	/System/Library/Frameworks/CoreGraphics.framework/Versions/A/CoreGraphics
0x000000003aaa3000 	/usr/lib/libScreenReader.dylib
0x000000003aaa3000 	/System/Library/Frameworks/Accelerate.framework/Versions/A/Accelerate
0x000000003aaa3000 	/System/Library/Frameworks/IOSurface.framework/Versions/A/IOSurface
0x000000003aaa3000 	/System/Library/Frameworks/AudioToolbox.framework/Versions/A/AudioToolbox
0x000000003aaa3000 	/System/Library/Frameworks/AudioUnit.framework/Versions/A/AudioUnit
0x000000003aaa3000 	/System/Library/PrivateFrameworks/DataDetectorsCore.framework/Versions/A/DataDetectorsCore
0x000000003aaa3000 	/System/Library/PrivateFrameworks/DesktopServicesPriv.framework/Versions/A/DesktopServicesPriv
0x000000003aaa3000 	/System/Library/Frameworks/Carbon.framework/Versions/A/Frameworks/HIToolbox.framework/Versions/A/HIToolbox
0x000000003aaa3000 	/usr/lib/libicucore.A.dylib
0x000000003aaa3000 	/System/Library/Frameworks/QuartzCore.framework/Versions/A/QuartzCore
0x000000003aaa3000 	/System/Library/Frameworks/Carbon.framework/Versions/A/Frameworks/SpeechRecognition.framework/Versions/A/SpeechRecognition
0x000000003aaa3000 	/usr/lib/libauto.dylib
0x000000003aaa3000 	/usr/lib/libxml2.2.dylib
0x000000003aaa3000 	/System/Library/PrivateFrameworks/CoreUI.framework/Versions/A/CoreUI
0x000000003aaa3000 	/System/Library/Frameworks/CoreAudio.framework/Versions/A/CoreAudio
0x000000003aaa3000 	/System/Library/Frameworks/DiskArbitration.framework/Versions/A/DiskArbitration
0x000000003aaa3000 	/usr/lib/liblangid.dylib
0x000000003aaa3000 	/System/Library/PrivateFrameworks/MultitouchSupport.framework/Versions/A/MultitouchSupport
0x000000003aaa3000 	/System/Library/Frameworks/IOKit.framework/Versions/A/IOKit
0x000000003aaa3000 	/usr/lib/libDiagnosticMessagesClient.dylib
0x000000003aaa3000 	/System/Library/Frameworks/CoreServices.framework/Versions/A/CoreServices
0x000000003aaa3000 	/System/Library/PrivateFrameworks/PerformanceAnalysis.framework/Versions/A/PerformanceAnalysis
0x000000003aaa3000 	/System/Library/PrivateFrameworks/GenerationalStorage.framework/Versions/A/GenerationalStorage
0x000000003aaa3000 	/System/Library/Frameworks/OpenGL.framework/Versions/A/OpenGL
0x000000003aaa3000 	/System/Library/Frameworks/CoreImage.framework/Versions/A/CoreImage
0x000000003aaa3000 	/System/Library/Frameworks/CoreText.framework/Versions/A/CoreText
0x000000003aaa3000 	/System/Library/Frameworks/ImageIO.framework/Versions/A/ImageIO
0x000000003aaa3000 	/System/Library/PrivateFrameworks/Backup.framework/Versions/A/Backup
0x000000003aaa3000 	/usr/lib/libarchive.2.dylib
0x000000003aaa3000 	/System/Library/Frameworks/CFNetwork.framework/Versions/A/CFNetwork
0x000000003aaa3000 	/System/Library/Frameworks/SystemConfiguration.framework/Versions/A/SystemConfiguration
0x000000003aaa3000 	/usr/lib/libCRFSuite.dylib
0x000000003aaa3000 	/usr/lib/libc++.1.dylib
0x000000003aaa3000 	/usr/lib/libc++abi.dylib
0x000000003aaa3000 	/usr/lib/system/libcache.dylib
0x000000003aaa3000 	/usr/lib/system/libcommonCrypto.dylib
0x000000003aaa3000 	/usr/lib/system/libcompiler_rt.dylib
0x000000003aaa3000 	/usr/lib/system/libcopyfile.dylib
0x000000003aaa3000 	/usr/lib/system/libcorecrypto.dylib
0x000000003aaa3000 	/usr/lib/system/libdispatch.dylib
0x000000003aaa3000 	/usr/lib/system/libdyld.dylib
0x000000003aaa3000 	/usr/lib/system/libkeymgr.dylib
0x000000003aaa3000 	/usr/lib/system/liblaunch.dylib
0x000000003aaa3000 	/usr/lib/system/libmacho.dylib
0x000000003aaa3000 	/usr/lib/system/libquarantine.dylib
0x000000003aaa3000 	/usr/lib/system/libremovefile.dylib
0x000000003aaa3000 	/usr/lib/system/libsystem_asl.dylib
0x000000003aaa3000 	/usr/lib/system/libsystem_blocks.dylib
0x000000003aaa3000 	/usr/lib/system/libsystem_c.dylib
0x000000003aaa3000 	/usr/lib/system/libsystem_configuration.dylib
0x000000003aaa3000 	/usr/lib/system/libsystem_coreservices.dylib
0x000000003aaa3000 	/usr/lib/system/libsystem_coretls.dylib
0x000000003aaa3000 	/usr/lib/system/libsystem_dnssd.dylib
0x000000003aaa3000 	/usr/lib/system/libsystem_info.dylib
0x000000003aaa3000 	/usr/lib/system/libsystem_kernel.dylib
0x000000003aaa3000 	/usr/lib/system/libsystem_m.dylib
0x000000003aaa3000 	/usr/lib/system/libsystem_malloc.dylib
0x000000003aaa3000 	/usr/lib/system/libsystem_network.dylib
0x000000003aaa3000 	/usr/lib/system/libsystem_networkextension.dylib
0x000000003aaa3000 	/usr/lib/system/libsystem_notify.dylib
0x000000003aaa3000 	/usr/lib/system/libsystem_platform.dylib
0x000000003aaa3000 	/usr/lib/system/libsystem_pthread.dylib
0x000000003aaa3000 	/usr/lib/system/libsystem_sandbox.dylib
0x000000003aaa3000 	/usr/lib/system/libsystem_secinit.dylib
0x000000003aaa3000 	/usr/lib/system/libsystem_symptoms.dylib
0x000000003aaa3000 	/usr/lib/system/libsystem_trace.dylib
0x000000003aaa3000 	/usr/lib/system/libunwind.dylib
0x000000003aaa3000 	/usr/lib/system/libxpc.dylib
0x000000003aaa3000 	/usr/lib/libbsm.0.dylib
0x000000003aaa3000 	/usr/lib/system/libkxld.dylib
0x000000003aaa3000 	/usr/lib/libcoretls.dylib
0x000000003aaa3000 	/usr/lib/libcoretls_cfhelpers.dylib
0x000000003aaa3000 	/usr/lib/libxar.1.dylib
0x000000003aaa3000 	/usr/lib/libsqlite3.dylib
0x000000003aaa3000 	/usr/lib/libpam.2.dylib
0x000000003aaa3000 	/usr/lib/libOpenScriptingUtil.dylib
0x000000003aaa3000 	/usr/lib/libbz2.1.0.dylib
0x000000003aaa3000 	/usr/lib/liblzma.5.dylib
0x000000003aaa3000 	/usr/lib/libnetwork.dylib
0x000000003aaa3000 	/usr/lib/libpcap.A.dylib
0x000000003aaa3000 	/System/Library/Frameworks/CoreServices.framework/Versions/A/Frameworks/FSEvents.framework/Versions/A/FSEvents
0x000000003aaa3000 	/System/Library/Frameworks/CoreServices.framework/Versions/A/Frameworks/CarbonCore.framework/Versions/A/CarbonCore
0x000000003aaa3000 	/System/Library/Frameworks/CoreServices.framework/Versions/A/Frameworks/Metadata.framework/Versions/A/Metadata
0x000000003aaa3000 	/System/Library/Frameworks/CoreServices.framework/Versions/A/Frameworks/OSServices.framework/Versions/A/OSServices
0x000000003aaa3000 	/System/Library/Frameworks/CoreServices.framework/Versions/A/Frameworks/SearchKit.framework/Versions/A/SearchKit
0x000000003aaa3000 	/System/Library/Frameworks/CoreServices.framework/Versions/A/Frameworks/AE.framework/Versions/A/AE
0x000000003aaa3000 	/System/Library/Frameworks/CoreServices.framework/Versions/A/Frameworks/LaunchServices.framework/Versions/A/LaunchServices
0x000000003aaa3000 	/System/Library/Frameworks/CoreServices.framework/Versions/A/Frameworks/DictionaryServices.framework/Versions/A/DictionaryServices
0x000000003aaa3000 	/System/Library/Frameworks/CoreServices.framework/Versions/A/Frameworks/SharedFileList.framework/Versions/A/SharedFileList
0x000000003aaa3000 	/System/Library/Frameworks/NetFS.framework/Versions/A/NetFS
0x000000003aaa3000 	/System/Library/PrivateFrameworks/NetAuth.framework/Versions/A/NetAuth
0x000000003aaa3000 	/System/Library/PrivateFrameworks/login.framework/Versions/A/Frameworks/loginsupport.framework/Versions/A/loginsupport
0x000000003aaa3000 	/System/Library/PrivateFrameworks/TCC.framework/Versions/A/TCC
0x000000003aaa3000 	/usr/lib/libmecabra.dylib
0x000000003aaa3000 	/System/Library/Frameworks/ApplicationServices.framework/Versions/A/Frameworks/ATS.framework/Versions/A/ATS
0x000000003aaa3000 	/System/Library/Frameworks/ApplicationServices.framework/Versions/A/Frameworks/ColorSync.framework/Versions/A/ColorSync
0x000000003aaa3000 	/System/Library/Frameworks/ApplicationServices.framework/Versions/A/Frameworks/HIServices.framework/Versions/A/HIServices
0x000000003aaa3000 	/System/Library/Frameworks/ApplicationServices.framework/Versions/A/Frameworks/LangAnalysis.framework/Versions/A/LangAnalysis
0x000000003aaa3000 	/System/Library/Frameworks/ApplicationServices.framework/Versions/A/Frameworks/PrintCore.framework/Versions/A/PrintCore
0x000000003aaa3000 	/System/Library/Frameworks/ApplicationServices.framework/Versions/A/Frameworks/QD.framework/Versions/A/QD
0x000000003aaa3000 	/System/Library/Frameworks/ApplicationServices.framework/Versions/A/Frameworks/SpeechSynthesis.framework/Versions/A/SpeechSynthesis
0x000000003aaa3000 	/System/Library/Frameworks/Accelerate.framework/Versions/A/Frameworks/vImage.framework/Versions/A/vImage
0x000000003aaa3000 	/System/Library/Frameworks/Accelerate.framework/Versions/A/Frameworks/vecLib.framework/Versions/A/vecLib
0x000000003aaa3000 	/System/Library/Frameworks/Accelerate.framework/Versions/A/Frameworks/vecLib.framework/Versions/A/libvDSP.dylib
0x000000003aaa3000 	/System/Library/Frameworks/Accelerate.framework/Versions/A/Frameworks/vecLib.framework/Versions/A/libBNNS.dylib
0x000000003aaa3000 	/System/Library/Frameworks/Accelerate.framework/Versions/A/Frameworks/vecLib.framework/Versions/A/libQuadrature.dylib
0x000000003aaa3000 	/System/Library/Frameworks/Accelerate.framework/Versions/A/Frameworks/vecLib.framework/Versions/A/libvMisc.dylib
0x000000003aaa3000 	/System/Library/Frameworks/Accelerate.framework/Versions/A/Frameworks/vecLib.framework/Versions/A/libLAPACK.dylib
0x000000003aaa3000 	/System/Library/Frameworks/Accelerate.framework/Versions/A/Frameworks/vecLib.framework/Versions/A/libBLAS.dylib
0x000000003aaa3000 	/System/Library/Frameworks/Accelerate.framework/Versions/A/Frameworks/vecLib.framework/Versions/A/libLinearAlgebra.dylib
0x000000003aaa3000 	/System/Library/Frameworks/Accelerate.framework/Versions/A/Frameworks/vecLib.framework/Versions/A/libSparseBLAS.dylib
0x000000003aaa3000 	/System/Library/Frameworks/ApplicationServices.framework/Versions/A/Frameworks/ATS.framework/Versions/A/Resources/libFontParser.dylib
0x000000003aaa3000 	/System/Library/Frameworks/ApplicationServices.framework/Versions/A/Frameworks/ATS.framework/Versions/A/Resources/libFontRegistry.dylib
0x000000003aaa3000 	/System/Library/Frameworks/ImageIO.framework/Versions/A/Resources/libJPEG.dylib
0x000000003aaa3000 	/System/Library/Frameworks/ImageIO.framework/Versions/A/Resources/libTIFF.dylib
0x000000003aaa3000 	/System/Library/Frameworks/ImageIO.framework/Versions/A/Resources/libPng.dylib
0x000000003aaa3000 	/System/Library/Frameworks/ImageIO.framework/Versions/A/Resources/libGIF.dylib
0x000000003aaa3000 	/System/Library/Frameworks/ImageIO.framework/Versions/A/Resources/libJP2.dylib
0x000000003aaa3000 	/System/Library/Frameworks/ImageIO.framework/Versions/A/Resources/libRadiance.dylib
0x000000003aaa3000 	/usr/lib/libcompression.dylib
0x000000003aaa3000 	/System/Library/PrivateFrameworks/AppleJPEG.framework/Versions/A/AppleJPEG
0x000000003aaa3000 	/usr/lib/libcups.2.dylib
0x000000003aaa3000 	/System/Library/Frameworks/Kerberos.framework/Versions/A/Kerberos
0x000000003aaa3000 	/System/Library/Frameworks/GSS.framework/Versions/A/GSS
0x000000003aaa3000 	/usr/lib/libresolv.9.dylib
0x000000003aaa3000 	/usr/lib/libiconv.2.dylib
0x000000003aaa3000 	/System/Library/PrivateFrameworks/Heimdal.framework/Versions/A/Heimdal
0x000000003aaa3000 	/usr/lib/libheimdal-asn1.dylib
0x000000003aaa3000 	/System/Library/Frameworks/OpenDirectory.framework/Versions/A/OpenDirectory
0x000000003aaa3000 	/System/Library/PrivateFrameworks/CommonAuth.framework/Versions/A/CommonAuth
0x000000003aaa3000 	/System/Library/Frameworks/OpenDirectory.framework/Versions/A/Frameworks/CFOpenDirectory.framework/Versions/A/CFOpenDirectory
0x000000003aaa3000 	/System/Library/Frameworks/SecurityFoundation.framework/Versions/A/SecurityFoundation
0x000000003aaa3000 	/System/Library/PrivateFrameworks/LanguageModeling.framework/Versions/A/LanguageModeling
0x000000003aaa3000 	/usr/lib/libmarisa.dylib
0x000000003aaa3000 	/usr/lib/libChineseTokenizer.dylib
0x000000003aaa3000 	/usr/lib/libcmph.dylib
0x000000003aaa3000 	/System/Library/PrivateFrameworks/CoreEmoji.framework/Versions/A/CoreEmoji
0x000000003aaa3000 	/System/Library/Frameworks/ServiceManagement.framework/Versions/A/ServiceManagement
0x000000003aaa3000 	/usr/lib/libxslt.1.dylib
0x000000003aaa3000 	/System/Library/Frameworks/Carbon.framework/Versions/A/Frameworks/Ink.framework/Versions/A/Ink
0x000000003aaa3000 	/System/Library/PrivateFrameworks/TextureIO.framework/Versions/A/TextureIO
0x000000003aaa3000 	/System/Library/Frameworks/Metal.framework/Versions/A/Metal
0x000000003aaa3000 	/usr/lib/libate.dylib
0x000000003aaa3000 	/System/Library/PrivateFrameworks/GPUCompiler.framework/libmetal_timestamp.dylib
0x000000003aaa3000 	/System/Library/Frameworks/OpenGL.framework/Versions/A/Libraries/libCoreFSCache.dylib
0x000000003aaa3000 	/System/Library/PrivateFrameworks/IOAccelerator.framework/Versions/A/IOAccelerator
0x000000003aaa3000 	/System/Library/Frameworks/CoreVideo.framework/Versions/A/CoreVideo
0x000000003aaa3000 	/usr/lib/libFosl_dynamic.dylib
0x000000003aaa3000 	/System/Library/PrivateFrameworks/MetalPerformanceShaders.framework/Versions/A/MetalPerformanceShaders
0x000000003aaa3000 	/System/Library/PrivateFrameworks/FaceCore.framework/Versions/A/FaceCore
0x000000003aaa3000 	/System/Library/Frameworks/OpenCL.framework/Versions/A/OpenCL
0x000000003aaa3000 	/System/Library/Frameworks/OpenGL.framework/Versions/A/Libraries/libGLU.dylib
0x000000003aaa3000 	/System/Library/Frameworks/OpenGL.framework/Versions/A/Libraries/libGFXShared.dylib
0x000000003aaa3000 	/System/Library/Frameworks/OpenGL.framework/Versions/A/Libraries/libGL.dylib
0x000000003aaa3000 	/System/Library/Frameworks/OpenGL.framework/Versions/A/Libraries/libGLImage.dylib
0x000000003aaa3000 	/System/Library/Frameworks/OpenGL.framework/Versions/A/Libraries/libCVMSPluginSupport.dylib
0x000000003aaa3000 	/System/Library/Frameworks/OpenGL.framework/Versions/A/Libraries/libCoreVMClient.dylib
0x000000003aaa3000 	/System/Library/PrivateFrameworks/CrashReporterSupport.framework/Versions/A/CrashReporterSupport
0x000000003aaa3000 	/System/Library/PrivateFrameworks/Sharing.framework/Versions/A/Sharing
0x000000003aaa3000 	/System/Library/PrivateFrameworks/IconServices.framework/Versions/A/IconServices
0x000000003aaa3000 	/System/Library/PrivateFrameworks/ProtocolBuffer.framework/Versions/A/ProtocolBuffer
0x000000003aaa3000 	/System/Library/PrivateFrameworks/Apple80211.framework/Versions/A/Apple80211
0x000000003aaa3000 	/System/Library/Frameworks/CoreWLAN.framework/Versions/A/CoreWLAN
0x000000003aaa3000 	/System/Library/PrivateFrameworks/CoreUtils.framework/Versions/A/CoreUtils
0x000000003aaa3000 	/System/Library/Frameworks/IOBluetooth.framework/Versions/A/IOBluetooth
0x000000003aaa3000 	/System/Library/PrivateFrameworks/CoreWiFi.framework/Versions/A/CoreWiFi
0x000000003aaa3000 	/System/Library/Frameworks/CoreBluetooth.framework/Versions/A/CoreBluetooth
0x000000003aaa3000 	/System/Library/Frameworks/CoreDisplay.framework/Versions/A/CoreDisplay
0x000000003aaa3000 	/System/Library/PrivateFrameworks/IOPresentment.framework/Versions/A/IOPresentment
0x000000003aaa3000 	/System/Library/PrivateFrameworks/DebugSymbols.framework/Versions/A/DebugSymbols
0x000000003aaa3000 	/System/Library/PrivateFrameworks/CoreSymbolication.framework/Versions/A/CoreSymbolication
0x000000003aaa3000 	/System/Library/PrivateFrameworks/Symbolication.framework/Versions/A/Symbolication
0x000000003aaa3000 	/System/Library/PrivateFrameworks/AppleFSCompression.framework/Versions/A/AppleFSCompression
0x000000003aaa3000 	/System/Library/PrivateFrameworks/SpeechRecognitionCore.framework/Versions/A/SpeechRecognitionCore
0x000000003aaa3000 	/System/Library/PrivateFrameworks/ChunkingLibrary.framework/Versions/A/ChunkingLibrary
0x0000000107800000 	/Library/Java/JavaVirtualMachines/jdk1.8.0_51.jdk/Contents/Home/jre/lib/server/libjvm.dylib
0x000000003aaa3000 	/usr/lib/libstdc++.6.dylib
0x0000000106f5f000 	/Library/Java/JavaVirtualMachines/jdk1.8.0_51.jdk/Contents/Home/jre/lib/libverify.dylib
0x0000000106f6d000 	/Library/Java/JavaVirtualMachines/jdk1.8.0_51.jdk/Contents/Home/jre/lib/libjava.dylib
0x0000000106fac000 	/Library/Java/JavaVirtualMachines/jdk1.8.0_51.jdk/Contents/Home/jre/lib/libzip.dylib
0x000000010bb57000 	/System/Library/Frameworks/JavaVM.framework/Frameworks/JavaRuntimeSupport.framework/JavaRuntimeSupport
0x000000010bb71000 	/System/Library/Frameworks/JavaVM.framework/Versions/A/Frameworks/JavaNativeFoundation.framework/Versions/A/JavaNativeFoundation
0x000000010bb86000 	/System/Library/Frameworks/JavaVM.framework/Versions/A/JavaVM
0x000000003aaa3000 	/System/Library/Frameworks/Carbon.framework/Versions/A/Carbon
0x000000010bb93000 	/System/Library/PrivateFrameworks/JavaLaunching.framework/Versions/A/JavaLaunching
0x000000003aaa3000 	/System/Library/Frameworks/Carbon.framework/Versions/A/Frameworks/CommonPanels.framework/Versions/A/CommonPanels
0x000000003aaa3000 	/System/Library/Frameworks/Carbon.framework/Versions/A/Frameworks/Help.framework/Versions/A/Help
0x000000003aaa3000 	/System/Library/Frameworks/Carbon.framework/Versions/A/Frameworks/ImageCapture.framework/Versions/A/ImageCapture
0x000000003aaa3000 	/System/Library/Frameworks/Carbon.framework/Versions/A/Frameworks/OpenScripting.framework/Versions/A/OpenScripting
0x000000003aaa3000 	/System/Library/Frameworks/Carbon.framework/Versions/A/Frameworks/Print.framework/Versions/A/Print
0x000000003aaa3000 	/System/Library/Frameworks/Carbon.framework/Versions/A/Frameworks/SecurityHI.framework/Versions/A/SecurityHI
0x000000010d55e000 	/Library/Java/JavaVirtualMachines/jdk1.8.0_51.jdk/Contents/Home/jre/lib/libprism_es2.dylib
0x000000010d5c4000 	/System/Library/Frameworks/OpenGL.framework/Resources/GLEngine.bundle/GLEngine
0x000000010d7a8000 	/System/Library/Frameworks/OpenGL.framework/Versions/A/Libraries/libGLProgrammability.dylib
0x000000010dbd6000 	/System/Library/Extensions/AppleIntelHD3000GraphicsGLDriver.bundle/Contents/MacOS/AppleIntelHD3000GraphicsGLDriver
0x000000003aaa3000 	/System/Library/PrivateFrameworks/GPUSupport.framework/Versions/A/Libraries/libGPUSupport.dylib
0x000000010e092000 	/System/Library/Frameworks/OpenGL.framework/Resources//GLRendererFloat.bundle/GLRendererFloat
0x000000003aaa3000 	/System/Library/Frameworks/OpenCL.framework/Versions/A/Libraries/libcldcpuengine.dylib
0x000000003aaa3000 	/usr/lib/libcrypto.0.9.8.dylib
0x000000003aaa3000 	/System/Library/PrivateFrameworks/TrustEvaluationAgent.framework/Versions/A/TrustEvaluationAgent
0x000000010e2a7000 	/Library/Java/JavaVirtualMachines/jdk1.8.0_51.jdk/Contents/Home/jre/lib/libglass.dylib
0x000000003aaa3000 	/System/Library/PrivateFrameworks/CoreServicesInternal.framework/Versions/A/CoreServicesInternal
0x000000003aaa3000 	/System/Library/CoreServices/RawCamera.bundle/Contents/MacOS/RawCamera
0x000000003aaa3000 	/System/Library/Frameworks/Accelerate.framework/Versions/A/Frameworks/vImage.framework/Versions/A/Libraries/libCGInterfaces.dylib
0x000000003aaa3000 	/System/Library/PrivateFrameworks/FamilyControls.framework/Versions/A/FamilyControls
0x000000003aaa3000 	/System/Library/PrivateFrameworks/CommerceKit.framework/Versions/A/Frameworks/CommerceCore.framework/Versions/A/CommerceCore
0x000000003aaa3000 	/System/Library/PrivateFrameworks/SystemAdministration.framework/Versions/A/SystemAdministration
0x000000003aaa3000 	/System/Library/PrivateFrameworks/AppContainer.framework/Versions/A/AppContainer
0x000000003aaa3000 	/System/Library/PrivateFrameworks/SecCodeWrapper.framework/Versions/A/SecCodeWrapper
0x000000003aaa3000 	/System/Library/Frameworks/DirectoryService.framework/Versions/A/DirectoryService
0x000000003aaa3000 	/System/Library/PrivateFrameworks/DiskImages.framework/Versions/A/DiskImages
0x000000003aaa3000 	/System/Library/PrivateFrameworks/LoginUIKit.framework/Versions/A/Frameworks/LoginUICore.framework/Versions/A/LoginUICore
0x000000003aaa3000 	/usr/lib/libCoreStorage.dylib
0x000000003aaa3000 	/usr/lib/libcsfde.dylib
0x000000003aaa3000 	/usr/lib/libodfde.dylib
0x000000003aaa3000 	/System/Library/Frameworks/DiscRecording.framework/Versions/A/DiscRecording
0x000000003aaa3000 	/usr/lib/libcurl.4.dylib
0x000000003aaa3000 	/System/Library/PrivateFrameworks/MediaKit.framework/Versions/A/MediaKit
0x000000003aaa3000 	/System/Library/PrivateFrameworks/ProtectedCloudStorage.framework/Versions/A/ProtectedCloudStorage
0x000000003aaa3000 	/System/Library/PrivateFrameworks/EFILogin.framework/Versions/A/EFILogin
0x000000003aaa3000 	/usr/lib/libutil.dylib
0x000000003aaa3000 	/System/Library/Frameworks/LDAP.framework/Versions/A/LDAP
0x000000003aaa3000 	/usr/lib/libsasl2.2.dylib
0x000000003aaa3000 	/System/Library/PrivateFrameworks/CoreDaemon.framework/Versions/B/CoreDaemon
0x000000003aaa3000 	/System/Library/PrivateFrameworks/AppleSRP.framework/Versions/A/AppleSRP
0x000000003aaa3000 	/System/Library/PrivateFrameworks/APFS.framework/Versions/A/APFS
0x000000010e50f000 	/Library/Java/JavaVirtualMachines/jdk1.8.0_51.jdk/Contents/Home/jre/lib/libjavafx_font.dylib
0x000000003aaa3000 	/System/Library/Frameworks/ApplicationServices.framework/Versions/A/Frameworks/ATS.framework/Versions/A/Resources/libTrueTypeScaler.dylib
0x000000003aaa3000 	/System/Library/PrivateFrameworks/ViewBridge.framework/Versions/A/ViewBridge
0x000000003aaa3000 	/System/Library/PrivateFrameworks/XPCService.framework/Versions/A/XPCService
0x000000003aaa3000 	/System/Library/PrivateFrameworks/AppSandbox.framework/Versions/A/AppSandbox
0x000000003aaa3000 	/usr/lib/libsandbox.1.dylib
0x000000003aaa3000 	/usr/lib/libMatch.1.dylib

VM Arguments:
jvm_args: -Dfile.encoding=UTF-8 
java_command: war.game.Game
java_class_path (initial): /Users/joseaugusto978/workspace/war/bin
Launcher Type: SUN_STANDARD

Environment Variables:
PATH=/usr/bin:/bin:/usr/sbin:/sbin
SHELL=/bin/bash

Signal Handlers:
SIGSEGV: [libjvm.dylib+0x58ef35], sa_mask[0]=11111111011111110111111111111111, sa_flags=SA_ONSTACK|SA_RESTART|SA_SIGINFO
SIGBUS: [libjvm.dylib+0x58ef35], sa_mask[0]=11111111011111110111111111111111, sa_flags=SA_RESTART|SA_SIGINFO
SIGFPE: [libjvm.dylib+0x46c028], sa_mask[0]=11111111011111110111111111111111, sa_flags=SA_RESTART|SA_SIGINFO
SIGPIPE: [libjvm.dylib+0x46c028], sa_mask[0]=11111111011111110111111111111111, sa_flags=SA_RESTART|SA_SIGINFO
SIGXFSZ: [libjvm.dylib+0x46c028], sa_mask[0]=11111111011111110111111111111111, sa_flags=SA_RESTART|SA_SIGINFO
SIGILL: [libjvm.dylib+0x46c028], sa_mask[0]=11111111011111110111111111111111, sa_flags=SA_RESTART|SA_SIGINFO
SIGUSR1: SIG_DFL, sa_mask[0]=00000000000000000000000000000000, sa_flags=none
SIGUSR2: [libjvm.dylib+0x46bb46], sa_mask[0]=00100000000000000000000000000000, sa_flags=SA_RESTART|SA_SIGINFO
SIGHUP: [libjvm.dylib+0x46a119], sa_mask[0]=11111111011111110111111111111111, sa_flags=SA_RESTART|SA_SIGINFO
SIGINT: [libjvm.dylib+0x46a119], sa_mask[0]=11111111011111110111111111111111, sa_flags=SA_RESTART|SA_SIGINFO
SIGTERM: [libjvm.dylib+0x46a119], sa_mask[0]=11111111011111110111111111111111, sa_flags=SA_RESTART|SA_SIGINFO
SIGQUIT: [libjvm.dylib+0x46a119], sa_mask[0]=11111111011111110111111111111111, sa_flags=SA_RESTART|SA_SIGINFO


---------------  S Y S T E M  ---------------

OS:Bsduname:Darwin 16.4.0 Darwin Kernel Version 16.4.0: Thu Dec 22 22:53:21 PST 2016; root:xnu-3789.41.3~3/RELEASE_X86_64 x86_64
rlimit: STACK 8192k, CORE 0k, NPROC 709, NOFILE 10240, AS infinity
load average:3.43 3.54 3.66

CPU:total 4 (2 cores per cpu, 2 threads per core) family 6 model 42 stepping 7, cmov, cx8, fxsr, mmx, sse, sse2, sse3, ssse3, sse4.1, sse4.2, popcnt, avx, aes, clmul, ht, tsc, tscinvbit

Memory: 4k page, physical 16777216k(1447724k free)

/proc/meminfo:


vm_info: Java HotSpot(TM) 64-Bit Server VM (25.51-b03) for bsd-amd64 JRE (1.8.0_51-b16), built on Jun  8 2015 18:01:11 by "java_re" with gcc 4.2.1 (Based on Apple Inc. build 5658) (LLVM build 2336.11.00)

time: Sun Feb 26 01:52:00 2017
elapsed time: 1175 seconds (0d 0h 19m 35s)

